Log file open, 02/06/20 17:48:06
LogWindows: Failed to load 'aqProf.dll' (GetLastError=126)
LogWindows: File 'aqProf.dll' does not exist
LogWindows: Failed to load 'VtuneApi.dll' (GetLastError=126)
LogWindows: File 'VtuneApi.dll' does not exist
LogWindows: Failed to load 'VtuneApi32e.dll' (GetLastError=126)
LogWindows: File 'VtuneApi32e.dll' does not exist
LogConsoleResponse: Display: Failed to find resolution value strings in scalability ini. Falling back to default.
LogInit: Display: Running engine for game: NovasJourney
LogPakFile: Registered encryption key '00000000000000000000000000000000': 0 pak files mounted, 0 remain pending
LogPlatformFile: Not using cached read wrapper
LogTaskGraph: Started task graph with 5 named threads and 47 total threads with 3 sets of task threads.
LogStats: Stats thread started at 0.538204
LogD3D11RHI: Loaded GFSDK_Aftermath_Lib.x64.dll
LogICUInternationalization: ICU TimeZone Detection - Raw Offset: -5:00, Platform Override: ''
LogPluginManager: Mounting plugin Paper2D
LogPluginManager: Mounting plugin AISupport
LogPluginManager: Mounting plugin LightPropagationVolume
LogPluginManager: Mounting plugin ActorLayerUtilities
LogPluginManager: Mounting plugin AnimationSharing
LogPluginManager: Mounting plugin CLionSourceCodeAccess
LogPluginManager: Mounting plugin CodeLiteSourceCodeAccess
LogPluginManager: Mounting plugin GitSourceControl
LogPluginManager: Mounting plugin KDevelopSourceCodeAccess
LogPluginManager: Mounting plugin NullSourceCodeAccess
LogPluginManager: Mounting plugin PerforceSourceControl
LogPluginManager: Mounting plugin SubversionSourceControl
LogPluginManager: Mounting plugin UObjectPlugin
LogPluginManager: Mounting plugin VisualStudioCodeSourceCodeAccess
LogPluginManager: Mounting plugin VisualStudioSourceCodeAccess
LogPluginManager: Mounting plugin XCodeSourceCodeAccess
LogPluginManager: Mounting plugin AssetManagerEditor
LogPluginManager: Mounting plugin CryptoKeys
LogPluginManager: Mounting plugin DataValidation
LogPluginManager: Mounting plugin FacialAnimation
LogPluginManager: Mounting plugin GameplayTagsEditor
LogPluginManager: Mounting plugin MacGraphicsSwitching
LogPluginManager: Mounting plugin MaterialAnalyzer
LogPluginManager: Mounting plugin MobileLauncherProfileWizard
LogPluginManager: Mounting plugin PluginBrowser
LogPluginManager: Mounting plugin SpeedTreeImporter
LogPluginManager: Mounting plugin DatasmithContent
LogPluginManager: Mounting plugin VariantManagerContent
LogPluginManager: Mounting plugin AlembicImporter
LogPluginManager: Mounting plugin AppleImageUtils
LogPluginManager: Mounting plugin AppleVision
LogPluginManager: Mounting plugin BackChannel
LogPluginManager: Mounting plugin CharacterAI
LogPluginManager: Mounting plugin GeometryCache
LogPluginManager: Mounting plugin HTML5Networking
LogPluginManager: Mounting plugin ProxyLODPlugin
LogPluginManager: Mounting plugin SkeletalReduction
LogPluginManager: Mounting plugin MagicLeap
LogPluginManager: Mounting plugin MagicLeapMedia
LogPluginManager: Mounting plugin AndroidMedia
LogPluginManager: Mounting plugin AvfMedia
LogPluginManager: Mounting plugin ImgMedia
LogPluginManager: Mounting plugin LinearTimecode
LogPluginManager: Mounting plugin MediaCompositing
LogPluginManager: Mounting plugin MediaPlayerEditor
LogPluginManager: Mounting plugin WebMMedia
LogPluginManager: Mounting plugin WmfMedia
LogPluginManager: Mounting plugin TcpMessaging
LogPluginManager: Mounting plugin UdpMessaging
LogPluginManager: Mounting plugin ActorSequence
LogPluginManager: Mounting plugin LevelSequenceEditor
LogPluginManager: Mounting plugin MatineeToLevelSequence
LogPluginManager: Mounting plugin NetcodeUnitTest
LogPluginManager: Mounting plugin NUTUnrealEngine4
LogPluginManager: Mounting plugin OnlineSubsystemGooglePlay
LogPluginManager: Mounting plugin OnlineSubsystemIOS
LogPluginManager: Mounting plugin OnlineSubsystem
LogPluginManager: Mounting plugin OnlineSubsystemNull
LogPluginManager: Mounting plugin OnlineSubsystemUtils
LogPluginManager: Mounting plugin LauncherChunkInstaller
LogPluginManager: Mounting plugin AndroidDeviceProfileSelector
LogPluginManager: Mounting plugin AndroidMoviePlayer
LogPluginManager: Mounting plugin AndroidPermission
LogPluginManager: Mounting plugin AppleMoviePlayer
LogPluginManager: Mounting plugin ArchVisCharacter
LogPluginManager: Mounting plugin AudioCapture
LogPluginManager: Mounting plugin CableComponent
LogPluginManager: Mounting plugin CustomMeshComponent
LogPluginManager: Mounting plugin EditableMesh
LogPluginManager: Mounting plugin ExampleDeviceProfileSelector
LogPluginManager: Mounting plugin Firebase
LogPluginManager: Mounting plugin GoogleCloudMessaging
LogPluginManager: Mounting plugin IOSDeviceProfileSelector
LogPluginManager: Mounting plugin LinuxDeviceProfileSelector
LogPluginManager: Mounting plugin LocationServicesBPLibrary
LogPluginManager: Mounting plugin MobilePatchingUtils
LogPluginManager: Mounting plugin OculusVR
LogPluginManager: Mounting plugin PhysXVehicles
LogPluginManager: Mounting plugin ProceduralMeshComponent
LogPluginManager: Mounting plugin RuntimePhysXCooking
LogPluginManager: Mounting plugin SignificanceManager
LogPluginManager: Mounting plugin SteamVR
LogPluginManager: Mounting plugin WebMMoviePlayer
LogPluginManager: Mounting plugin WindowsMoviePlayer
LogInit: Using libcurl 7.55.1-DEV
LogInit:  - built for x86_64-pc-win32
LogInit:  - supports SSL with OpenSSL/1.1.1
LogInit:  - supports HTTP deflate (compression) using libz 1.2.8
LogInit:  - other features:
LogInit:      CURL_VERSION_SSL
LogInit:      CURL_VERSION_LIBZ
LogInit:      CURL_VERSION_IPV6
LogInit:      CURL_VERSION_ASYNCHDNS
LogInit:      CURL_VERSION_LARGEFILE
LogInit:      CURL_VERSION_IDN
LogInit:  CurlRequestOptions (configurable via config and command line):
LogInit:  - bVerifyPeer = true  - Libcurl will verify peer certificate
LogInit:  - bUseHttpProxy = false  - Libcurl will NOT use HTTP proxy
LogInit:  - bDontReuseConnections = false  - Libcurl will reuse connections
LogInit:  - MaxHostConnections = 16  - Libcurl will limit the number of connections to a host
LogInit:  - LocalHostAddr = Default
LogInit:  - BufferSize = 65536
LogInit: WinSock: version 1.1 (2.2), MaxSocks=32767, MaxUdp=65467
LogInit: Build: ++UE4+Release-4.22-CL-7053642
LogInit: Engine Version: 4.22.3-7053642+++UE4+Release-4.22
LogInit: Compatible Engine Version: 4.22.0-5660361+++UE4+Release-4.22
LogInit: Net CL: 5660361
LogInit: OS: Windows 10 (Release 1903) (), CPU: Intel(R) Core(TM) i9-9900K CPU @ 3.60GHz, GPU: NVIDIA GeForce RTX 2080
LogInit: Compiled (64-bit): Jun 18 2019 03:09:11
LogInit: Compiled with Visual C++: 19.16.27025.01
LogInit: Build Configuration: Development
LogInit: Branch Name: ++UE4+Release-4.22
LogInit: Command Line: 
LogInit: Base Directory: C:/Program Files/Epic Games/UE_4.22/Engine/Binaries/Win64/
LogInit: Installed Engine Build: 1
LogDevObjectVersion: Number of dev versions registered: 23
LogDevObjectVersion:   Dev-Blueprints (B0D832E4-1F89-4F0D-ACCF-7EB736FD4AA2): 10
LogDevObjectVersion:   Dev-Build (E1C64328-A22C-4D53-A36C-8E866417BD8C): 0
LogDevObjectVersion:   Dev-Core (375EC13C-06E4-48FB-B500-84F0262A717E): 3
LogDevObjectVersion:   Dev-Editor (E4B068ED-F494-42E9-A231-DA0B2E46BB41): 30
LogDevObjectVersion:   Dev-Framework (CFFC743F-43B0-4480-9391-14DF171D2073): 35
LogDevObjectVersion:   Dev-Mobile (B02B49B5-BB20-44E9-A304-32B752E40360): 2
LogDevObjectVersion:   Dev-Networking (A4E4105C-59A1-49B5-A7C5-40C4547EDFEE): 0
LogDevObjectVersion:   Dev-Online (39C831C9-5AE6-47DC-9A44-9C173E1C8E7C): 0
LogDevObjectVersion:   Dev-Physics (78F01B33-EBEA-4F98-B9B4-84EACCB95AA2): 0
LogDevObjectVersion:   Dev-Platform (6631380F-2D4D-43E0-8009-CF276956A95A): 0
LogDevObjectVersion:   Dev-Rendering (12F88B9F-8875-4AFC-A67C-D90C383ABD29): 28
LogDevObjectVersion:   Dev-Sequencer (7B5AE74C-D270-4C10-A958-57980B212A5A): 11
LogDevObjectVersion:   Dev-VR (D7296918-1DD6-4BDD-9DE2-64A83CC13884): 2
LogDevObjectVersion:   Dev-LoadTimes (C2A15278-BFE7-4AFE-6C17-90FF531DF755): 1
LogDevObjectVersion:   Private-Geometry (6EACA3D4-40EC-4CC1-B786-8BED09428FC5): 3
LogDevObjectVersion:   Dev-AnimPhys (29E575DD-E0A3-4627-9D10-D276232CDCEA): 17
LogDevObjectVersion:   Dev-Anim (AF43A65D-7FD3-4947-9873-3E8ED9C1BB05): 2
LogDevObjectVersion:   Dev-ReflectionCapture (6B266CEC-1EC7-4B8F-A30B-E4D90942FC07): 1
LogDevObjectVersion:   Dev-Automation (0DF73D61-A23F-47EA-B727-89E90C41499A): 1
LogDevObjectVersion:   FortniteMain (601D1886-AC64-4F84-AA16-D3DE0DEAC7D6): 25
LogDevObjectVersion:   Dev-Enterprise (9DFFBCD6-494F-0158-E221-12823C92A888): 6
LogDevObjectVersion:   Dev-Niagara (F2AED0AC-9AFE-416F-8664-AA7FFA26D6FC): 1
LogDevObjectVersion:   Dev-Destruction (174F1F0B-B4C6-45A5-B13F-2EE8D0FB917D): 2
LogInit: Presizing for max 16777216 objects, including 0 objects not considered by GC, pre-allocating 0 bytes for permanent pool.
LogInit: Object subsystem initialized
LogConfig: Setting CVar [[con.DebugEarlyDefault:1]]
LogConfig: Setting CVar [[r.setres:1280x720]]
[2020.02.06-22.48.07:349][  0]LogConfig: Setting CVar [[r.VSync:0]]
[2020.02.06-22.48.07:349][  0]LogConfig: Setting CVar [[r.RHICmdBypass:0]]
[2020.02.06-22.48.07:349][  0]LogConfig: Applying CVar settings from Section [/Script/Engine.RendererSettings] File [C:/Users/de768578/Documents/GitHub/NovasJourney/NovasJourney/Saved/Config/Windows/Engine.ini]
[2020.02.06-22.48.07:349][  0]LogConfig: Setting CVar [[r.GPUCrashDebugging:0]]
[2020.02.06-22.48.07:349][  0]LogConfig: Setting CVar [[r.DefaultFeature.AutoExposure.ExtendDefaultLuminanceRange:1]]
[2020.02.06-22.48.07:349][  0]LogConfig: Applying CVar settings from Section [/Script/Engine.RendererOverrideSettings] File [C:/Users/de768578/Documents/GitHub/NovasJourney/NovasJourney/Saved/Config/Windows/Engine.ini]
[2020.02.06-22.48.07:349][  0]LogConfig: Applying CVar settings from Section [/Script/Engine.StreamingSettings] File [C:/Users/de768578/Documents/GitHub/NovasJourney/NovasJourney/Saved/Config/Windows/Engine.ini]
[2020.02.06-22.48.07:349][  0]LogConfig: Setting CVar [[s.MinBulkDataSizeForAsyncLoading:131072]]
[2020.02.06-22.48.07:349][  0]LogConfig: Setting CVar [[s.AsyncLoadingThreadEnabled:0]]
[2020.02.06-22.48.07:349][  0]LogConfig: Setting CVar [[s.EventDrivenLoaderEnabled:1]]
[2020.02.06-22.48.07:349][  0]LogConfig: Setting CVar [[s.WarnIfTimeLimitExceeded:0]]
[2020.02.06-22.48.07:349][  0]LogConfig: Setting CVar [[s.TimeLimitExceededMultiplier:1.5]]
[2020.02.06-22.48.07:349][  0]LogConfig: Setting CVar [[s.TimeLimitExceededMinTime:0.005]]
[2020.02.06-22.48.07:349][  0]LogConfig: Setting CVar [[s.UseBackgroundLevelStreaming:1]]
[2020.02.06-22.48.07:349][  0]LogConfig: Setting CVar [[s.PriorityAsyncLoadingExtraTime:15.0]]
[2020.02.06-22.48.07:349][  0]LogConfig: Setting CVar [[s.LevelStreamingActorsUpdateTimeLimit:5.0]]
[2020.02.06-22.48.07:349][  0]LogConfig: Setting CVar [[s.PriorityLevelStreamingActorsUpdateExtraTime:5.0]]
[2020.02.06-22.48.07:349][  0]LogConfig: Setting CVar [[s.LevelStreamingComponentsRegistrationGranularity:10]]
[2020.02.06-22.48.07:349][  0]LogConfig: Setting CVar [[s.UnregisterComponentsTimeLimit:1.0]]
[2020.02.06-22.48.07:349][  0]LogConfig: Setting CVar [[s.LevelStreamingComponentsUnregistrationGranularity:5]]
[2020.02.06-22.48.07:349][  0]LogConfig: Applying CVar settings from Section [/Script/Engine.GarbageCollectionSettings] File [C:/Users/de768578/Documents/GitHub/NovasJourney/NovasJourney/Saved/Config/Windows/Engine.ini]
[2020.02.06-22.48.07:349][  0]LogConfig: Setting CVar [[gc.MaxObjectsNotConsideredByGC:1]]
[2020.02.06-22.48.07:349][  0]LogConfig: Setting CVar [[gc.SizeOfPermanentObjectPool:0]]
[2020.02.06-22.48.07:349][  0]LogConfig: Setting CVar [[gc.FlushStreamingOnGC:0]]
[2020.02.06-22.48.07:349][  0]LogConfig: Setting CVar [[gc.NumRetriesBeforeForcingGC:10]]
[2020.02.06-22.48.07:349][  0]LogConfig: Setting CVar [[gc.AllowParallelGC:1]]
[2020.02.06-22.48.07:349][  0]LogConfig: Setting CVar [[gc.TimeBetweenPurgingPendingKillObjects:61.1]]
[2020.02.06-22.48.07:349][  0]LogConfig: Setting CVar [[gc.MaxObjectsInEditor:16777216]]
[2020.02.06-22.48.07:349][  0]LogConfig: Setting CVar [[gc.IncrementalBeginDestroyEnabled:1]]
[2020.02.06-22.48.07:349][  0]LogConfig: Setting CVar [[gc.CreateGCClusters:1]]
[2020.02.06-22.48.07:349][  0]LogConfig: Setting CVar [[gc.MinGCClusterSize:5]]
[2020.02.06-22.48.07:349][  0]LogConfig: Setting CVar [[gc.ActorClusteringEnabled:0]]
[2020.02.06-22.48.07:349][  0]LogConfig: Setting CVar [[gc.BlueprintClusteringEnabled:0]]
[2020.02.06-22.48.07:349][  0]LogConfig: Setting CVar [[gc.UseDisregardForGCOnDedicatedServers:0]]
[2020.02.06-22.48.07:349][  0]LogConfig: Applying CVar settings from Section [/Script/Engine.NetworkSettings] File [C:/Users/de768578/Documents/GitHub/NovasJourney/NovasJourney/Saved/Config/Windows/Engine.ini]
[2020.02.06-22.48.07:349][  0]LogConfig: Applying CVar settings from Section [/Script/UnrealEd.CookerSettings] File [C:/Users/de768578/Documents/GitHub/NovasJourney/NovasJourney/Saved/Config/Windows/Engine.ini]
[2020.02.06-22.48.07:353][  0]LogConfig: Applying CVar settings from Section [ViewDistanceQuality@3] File [C:/Users/de768578/Documents/GitHub/NovasJourney/NovasJourney/Saved/Config/Windows/Scalability.ini]
[2020.02.06-22.48.07:354][  0]LogConfig: Setting CVar [[r.SkeletalMeshLODBias:0]]
[2020.02.06-22.48.07:354][  0]LogConfig: Setting CVar [[r.ViewDistanceScale:1.0]]
[2020.02.06-22.48.07:354][  0]LogConfig: Applying CVar settings from Section [AntiAliasingQuality@3] File [C:/Users/de768578/Documents/GitHub/NovasJourney/NovasJourney/Saved/Config/Windows/Scalability.ini]
[2020.02.06-22.48.07:354][  0]LogConfig: Setting CVar [[r.PostProcessAAQuality:4]]
[2020.02.06-22.48.07:354][  0]LogConfig: Applying CVar settings from Section [ShadowQuality@3] File [C:/Users/de768578/Documents/GitHub/NovasJourney/NovasJourney/Saved/Config/Windows/Scalability.ini]
[2020.02.06-22.48.07:354][  0]LogConfig: Setting CVar [[r.LightFunctionQuality:1]]
[2020.02.06-22.48.07:354][  0]LogConfig: Setting CVar [[r.ShadowQuality:5]]
[2020.02.06-22.48.07:354][  0]LogConfig: Setting CVar [[r.Shadow.CSM.MaxCascades:10]]
[2020.02.06-22.48.07:354][  0]LogConfig: Setting CVar [[r.Shadow.MaxResolution:2048]]
[2020.02.06-22.48.07:354][  0]LogConfig: Setting CVar [[r.Shadow.MaxCSMResolution:2048]]
[2020.02.06-22.48.07:354][  0]LogConfig: Setting CVar [[r.Shadow.RadiusThreshold:0.01]]
[2020.02.06-22.48.07:354][  0]LogConfig: Setting CVar [[r.Shadow.DistanceScale:1.0]]
[2020.02.06-22.48.07:354][  0]LogConfig: Setting CVar [[r.Shadow.CSM.TransitionScale:1.0]]
[2020.02.06-22.48.07:354][  0]LogConfig: Setting CVar [[r.Shadow.PreShadowResolutionFactor:1.0]]
[2020.02.06-22.48.07:354][  0]LogConfig: Setting CVar [[r.DistanceFieldShadowing:1]]
[2020.02.06-22.48.07:354][  0]LogConfig: Setting CVar [[r.DistanceFieldAO:1]]
[2020.02.06-22.48.07:354][  0]LogConfig: Setting CVar [[r.AOQuality:2]]
[2020.02.06-22.48.07:354][  0]LogConfig: Setting CVar [[r.VolumetricFog:1]]
[2020.02.06-22.48.07:354][  0]LogConfig: Setting CVar [[r.VolumetricFog.GridPixelSize:8]]
[2020.02.06-22.48.07:354][  0]LogConfig: Setting CVar [[r.VolumetricFog.GridSizeZ:128]]
[2020.02.06-22.48.07:354][  0]LogConfig: Setting CVar [[r.VolumetricFog.HistoryMissSupersampleCount:4]]
[2020.02.06-22.48.07:354][  0]LogConfig: Setting CVar [[r.LightMaxDrawDistanceScale:1]]
[2020.02.06-22.48.07:354][  0]LogConfig: Setting CVar [[r.CapsuleShadows:1]]
[2020.02.06-22.48.07:354][  0]LogConfig: Applying CVar settings from Section [PostProcessQuality@3] File [C:/Users/de768578/Documents/GitHub/NovasJourney/NovasJourney/Saved/Config/Windows/Scalability.ini]
[2020.02.06-22.48.07:354][  0]LogConfig: Setting CVar [[r.MotionBlurQuality:4]]
[2020.02.06-22.48.07:354][  0]LogConfig: Setting CVar [[r.AmbientOcclusionMipLevelFactor:0.4]]
[2020.02.06-22.48.07:354][  0]LogConfig: Setting CVar [[r.AmbientOcclusionMaxQuality:100]]
[2020.02.06-22.48.07:354][  0]LogConfig: Setting CVar [[r.AmbientOcclusionLevels:-1]]
[2020.02.06-22.48.07:354][  0]LogConfig: Setting CVar [[r.AmbientOcclusionRadiusScale:1.0]]
[2020.02.06-22.48.07:354][  0]LogConfig: Setting CVar [[r.DepthOfFieldQuality:2]]
[2020.02.06-22.48.07:354][  0]LogConfig: Setting CVar [[r.RenderTargetPoolMin:400]]
[2020.02.06-22.48.07:354][  0]LogConfig: Setting CVar [[r.LensFlareQuality:2]]
[2020.02.06-22.48.07:354][  0]LogConfig: Setting CVar [[r.SceneColorFringeQuality:1]]
[2020.02.06-22.48.07:354][  0]LogConfig: Setting CVar [[r.EyeAdaptationQuality:2]]
[2020.02.06-22.48.07:354][  0]LogConfig: Setting CVar [[r.BloomQuality:5]]
[2020.02.06-22.48.07:354][  0]LogConfig: Setting CVar [[r.FastBlurThreshold:100]]
[2020.02.06-22.48.07:354][  0]LogConfig: Setting CVar [[r.Upscale.Quality:3]]
[2020.02.06-22.48.07:354][  0]LogConfig: Setting CVar [[r.Tonemapper.GrainQuantization:1]]
[2020.02.06-22.48.07:354][  0]LogConfig: Setting CVar [[r.LightShaftQuality:1]]
[2020.02.06-22.48.07:354][  0]LogConfig: Setting CVar [[r.Filter.SizeScale:1]]
[2020.02.06-22.48.07:354][  0]LogConfig: Setting CVar [[r.Tonemapper.Quality:5]]
[2020.02.06-22.48.07:354][  0]LogConfig: Setting CVar [[r.DOF.Gather.AccumulatorQuality:1        ; higher gathering accumulator quality]]
[2020.02.06-22.48.07:354][  0]LogConfig: Setting CVar [[r.DOF.Gather.PostfilterMethod:1          ; Median3x3 postfilering method]]
[2020.02.06-22.48.07:354][  0]LogConfig: Setting CVar [[r.DOF.Gather.EnableBokehSettings:0       ; no bokeh simulation when gathering]]
[2020.02.06-22.48.07:354][  0]LogConfig: Setting CVar [[r.DOF.Gather.RingCount:4                 ; medium number of samples when gathering]]
[2020.02.06-22.48.07:354][  0]LogConfig: Setting CVar [[r.DOF.Scatter.ForegroundCompositing:1    ; additive foreground scattering]]
[2020.02.06-22.48.07:354][  0]LogConfig: Setting CVar [[r.DOF.Scatter.BackgroundCompositing:2    ; additive background scattering]]
[2020.02.06-22.48.07:354][  0]LogConfig: Setting CVar [[r.DOF.Scatter.EnableBokehSettings:1      ; bokeh simulation when scattering]]
[2020.02.06-22.48.07:354][  0]LogConfig: Setting CVar [[r.DOF.Scatter.MaxSpriteRatio:0.1         ; only a maximum of 10% of scattered bokeh]]
[2020.02.06-22.48.07:354][  0]LogConfig: Setting CVar [[r.DOF.Recombine.Quality:1                ; cheap slight out of focus]]
[2020.02.06-22.48.07:354][  0]LogConfig: Setting CVar [[r.DOF.Recombine.EnableBokehSettings:0    ; no bokeh simulation on slight out of focus]]
[2020.02.06-22.48.07:354][  0]LogConfig: Setting CVar [[r.DOF.TemporalAAQuality:1                ; more stable temporal accumulation]]
[2020.02.06-22.48.07:354][  0]LogConfig: Setting CVar [[r.DOF.Kernel.MaxForegroundRadius:0.025]]
[2020.02.06-22.48.07:354][  0]LogConfig: Setting CVar [[r.DOF.Kernel.MaxBackgroundRadius:0.025]]
[2020.02.06-22.48.07:354][  0]LogConfig: Applying CVar settings from Section [TextureQuality@3] File [C:/Users/de768578/Documents/GitHub/NovasJourney/NovasJourney/Saved/Config/Windows/Scalability.ini]
[2020.02.06-22.48.07:354][  0]LogConfig: Setting CVar [[r.Streaming.MipBias:0]]
[2020.02.06-22.48.07:354][  0]LogConfig: Setting CVar [[r.Streaming.AmortizeCPUToGPUCopy:0]]
[2020.02.06-22.48.07:354][  0]LogConfig: Setting CVar [[r.Streaming.MaxNumTexturesToStreamPerFrame:0]]
[2020.02.06-22.48.07:354][  0]LogConfig: Setting CVar [[r.Streaming.Boost:1]]
[2020.02.06-22.48.07:354][  0]LogConfig: Setting CVar [[r.MaxAnisotropy:8]]
[2020.02.06-22.48.07:354][  0]LogConfig: Setting CVar [[r.Streaming.LimitPoolSizeToVRAM:0]]
[2020.02.06-22.48.07:354][  0]LogConfig: Setting CVar [[r.Streaming.PoolSize:1000]]
[2020.02.06-22.48.07:354][  0]LogConfig: Setting CVar [[r.Streaming.MaxEffectiveScreenSize:0]]
[2020.02.06-22.48.07:354][  0]LogConfig: Applying CVar settings from Section [EffectsQuality@3] File [C:/Users/de768578/Documents/GitHub/NovasJourney/NovasJourney/Saved/Config/Windows/Scalability.ini]
[2020.02.06-22.48.07:354][  0]LogConfig: Setting CVar [[r.TranslucencyLightingVolumeDim:64]]
[2020.02.06-22.48.07:354][  0]LogConfig: Setting CVar [[r.RefractionQuality:2]]
[2020.02.06-22.48.07:354][  0]LogConfig: Setting CVar [[r.SSR.Quality:3]]
[2020.02.06-22.48.07:354][  0]LogConfig: Setting CVar [[r.SceneColorFormat:4]]
[2020.02.06-22.48.07:354][  0]LogConfig: Setting CVar [[r.DetailMode:2]]
[2020.02.06-22.48.07:354][  0]LogConfig: Setting CVar [[r.TranslucencyVolumeBlur:1]]
[2020.02.06-22.48.07:354][  0]LogConfig: Setting CVar [[r.MaterialQualityLevel:1 ; High quality]]
[2020.02.06-22.48.07:354][  0]LogConfig: Setting CVar [[r.SSS.Scale:1]]
[2020.02.06-22.48.07:354][  0]LogConfig: Setting CVar [[r.SSS.SampleSet:2]]
[2020.02.06-22.48.07:354][  0]LogConfig: Setting CVar [[r.SSS.Quality:1]]
[2020.02.06-22.48.07:354][  0]LogConfig: Setting CVar [[r.SSS.HalfRes:1]]
[2020.02.06-22.48.07:354][  0]LogConfig: Setting CVar [[r.EmitterSpawnRateScale:1.0]]
[2020.02.06-22.48.07:354][  0]LogConfig: Setting CVar [[r.ParticleLightQuality:2]]
[2020.02.06-22.48.07:354][  0]LogConfig: Applying CVar settings from Section [FoliageQuality@3] File [C:/Users/de768578/Documents/GitHub/NovasJourney/NovasJourney/Saved/Config/Windows/Scalability.ini]
[2020.02.06-22.48.07:354][  0]LogConfig: Setting CVar [[foliage.DensityScale:1.0]]
[2020.02.06-22.48.07:354][  0]LogConfig: Setting CVar [[grass.DensityScale:1.0]]
[2020.02.06-22.48.07:354][  0]LogInit: Selected Device Profile: [Windows]
[2020.02.06-22.48.07:354][  0]LogInit: Applying CVar settings loaded from the selected device profile: [Windows]
[2020.02.06-22.48.07:369][  0]LogHAL: Display: Platform has ~ 32 GB [34169487360 / 34359738368 / 32], which maps to Largest [LargestMinGB=32, LargerMinGB=12, DefaultMinGB=8, SmallerMinGB=6, SmallestMinGB=0)
[2020.02.06-22.48.07:369][  0]LogConfig: Setting CVar [[r.Vulkan.UseRealUBs:0		; Required until we fix HLR fall-out]]
[2020.02.06-22.48.07:369][  0]LogInit: Going up to parent DeviceProfile []
[2020.02.06-22.48.07:369][  0]LogConfig: Applying CVar settings from Section [ViewDistanceQuality@3] File [C:/Users/de768578/Documents/GitHub/NovasJourney/NovasJourney/Saved/Config/Windows/Scalability.ini]
[2020.02.06-22.48.07:369][  0]LogConfig: Setting CVar [[r.SkeletalMeshLODBias:0]]
[2020.02.06-22.48.07:369][  0]LogConfig: Setting CVar [[r.ViewDistanceScale:1.0]]
[2020.02.06-22.48.07:369][  0]LogConfig: Applying CVar settings from Section [AntiAliasingQuality@3] File [C:/Users/de768578/Documents/GitHub/NovasJourney/NovasJourney/Saved/Config/Windows/Scalability.ini]
[2020.02.06-22.48.07:369][  0]LogConfig: Setting CVar [[r.PostProcessAAQuality:4]]
[2020.02.06-22.48.07:369][  0]LogConfig: Applying CVar settings from Section [ShadowQuality@3] File [C:/Users/de768578/Documents/GitHub/NovasJourney/NovasJourney/Saved/Config/Windows/Scalability.ini]
[2020.02.06-22.48.07:369][  0]LogConfig: Setting CVar [[r.LightFunctionQuality:1]]
[2020.02.06-22.48.07:369][  0]LogConfig: Setting CVar [[r.ShadowQuality:5]]
[2020.02.06-22.48.07:369][  0]LogConfig: Setting CVar [[r.Shadow.CSM.MaxCascades:10]]
[2020.02.06-22.48.07:369][  0]LogConfig: Setting CVar [[r.Shadow.MaxResolution:2048]]
[2020.02.06-22.48.07:369][  0]LogConfig: Setting CVar [[r.Shadow.MaxCSMResolution:2048]]
[2020.02.06-22.48.07:369][  0]LogConfig: Setting CVar [[r.Shadow.RadiusThreshold:0.01]]
[2020.02.06-22.48.07:369][  0]LogConfig: Setting CVar [[r.Shadow.DistanceScale:1.0]]
[2020.02.06-22.48.07:369][  0]LogConfig: Setting CVar [[r.Shadow.CSM.TransitionScale:1.0]]
[2020.02.06-22.48.07:369][  0]LogConfig: Setting CVar [[r.Shadow.PreShadowResolutionFactor:1.0]]
[2020.02.06-22.48.07:369][  0]LogConfig: Setting CVar [[r.DistanceFieldShadowing:1]]
[2020.02.06-22.48.07:369][  0]LogConfig: Setting CVar [[r.DistanceFieldAO:1]]
[2020.02.06-22.48.07:369][  0]LogConfig: Setting CVar [[r.AOQuality:2]]
[2020.02.06-22.48.07:369][  0]LogConfig: Setting CVar [[r.VolumetricFog:1]]
[2020.02.06-22.48.07:369][  0]LogConfig: Setting CVar [[r.VolumetricFog.GridPixelSize:8]]
[2020.02.06-22.48.07:369][  0]LogConfig: Setting CVar [[r.VolumetricFog.GridSizeZ:128]]
[2020.02.06-22.48.07:369][  0]LogConfig: Setting CVar [[r.VolumetricFog.HistoryMissSupersampleCount:4]]
[2020.02.06-22.48.07:369][  0]LogConfig: Setting CVar [[r.LightMaxDrawDistanceScale:1]]
[2020.02.06-22.48.07:369][  0]LogConfig: Setting CVar [[r.CapsuleShadows:1]]
[2020.02.06-22.48.07:369][  0]LogConfig: Applying CVar settings from Section [PostProcessQuality@3] File [C:/Users/de768578/Documents/GitHub/NovasJourney/NovasJourney/Saved/Config/Windows/Scalability.ini]
[2020.02.06-22.48.07:369][  0]LogConfig: Setting CVar [[r.MotionBlurQuality:4]]
[2020.02.06-22.48.07:369][  0]LogConfig: Setting CVar [[r.AmbientOcclusionMipLevelFactor:0.4]]
[2020.02.06-22.48.07:369][  0]LogConfig: Setting CVar [[r.AmbientOcclusionMaxQuality:100]]
[2020.02.06-22.48.07:369][  0]LogConfig: Setting CVar [[r.AmbientOcclusionLevels:-1]]
[2020.02.06-22.48.07:369][  0]LogConfig: Setting CVar [[r.AmbientOcclusionRadiusScale:1.0]]
[2020.02.06-22.48.07:369][  0]LogConfig: Setting CVar [[r.DepthOfFieldQuality:2]]
[2020.02.06-22.48.07:369][  0]LogConfig: Setting CVar [[r.RenderTargetPoolMin:400]]
[2020.02.06-22.48.07:369][  0]LogConfig: Setting CVar [[r.LensFlareQuality:2]]
[2020.02.06-22.48.07:369][  0]LogConfig: Setting CVar [[r.SceneColorFringeQuality:1]]
[2020.02.06-22.48.07:369][  0]LogConfig: Setting CVar [[r.EyeAdaptationQuality:2]]
[2020.02.06-22.48.07:369][  0]LogConfig: Setting CVar [[r.BloomQuality:5]]
[2020.02.06-22.48.07:369][  0]LogConfig: Setting CVar [[r.FastBlurThreshold:100]]
[2020.02.06-22.48.07:369][  0]LogConfig: Setting CVar [[r.Upscale.Quality:3]]
[2020.02.06-22.48.07:369][  0]LogConfig: Setting CVar [[r.Tonemapper.GrainQuantization:1]]
[2020.02.06-22.48.07:369][  0]LogConfig: Setting CVar [[r.LightShaftQuality:1]]
[2020.02.06-22.48.07:369][  0]LogConfig: Setting CVar [[r.Filter.SizeScale:1]]
[2020.02.06-22.48.07:369][  0]LogConfig: Setting CVar [[r.Tonemapper.Quality:5]]
[2020.02.06-22.48.07:369][  0]LogConfig: Setting CVar [[r.DOF.Gather.AccumulatorQuality:1        ; higher gathering accumulator quality]]
[2020.02.06-22.48.07:369][  0]LogConfig: Setting CVar [[r.DOF.Gather.PostfilterMethod:1          ; Median3x3 postfilering method]]
[2020.02.06-22.48.07:369][  0]LogConfig: Setting CVar [[r.DOF.Gather.EnableBokehSettings:0       ; no bokeh simulation when gathering]]
[2020.02.06-22.48.07:369][  0]LogConfig: Setting CVar [[r.DOF.Gather.RingCount:4                 ; medium number of samples when gathering]]
[2020.02.06-22.48.07:369][  0]LogConfig: Setting CVar [[r.DOF.Scatter.ForegroundCompositing:1    ; additive foreground scattering]]
[2020.02.06-22.48.07:369][  0]LogConfig: Setting CVar [[r.DOF.Scatter.BackgroundCompositing:2    ; additive background scattering]]
[2020.02.06-22.48.07:369][  0]LogConfig: Setting CVar [[r.DOF.Scatter.EnableBokehSettings:1      ; bokeh simulation when scattering]]
[2020.02.06-22.48.07:369][  0]LogConfig: Setting CVar [[r.DOF.Scatter.MaxSpriteRatio:0.1         ; only a maximum of 10% of scattered bokeh]]
[2020.02.06-22.48.07:369][  0]LogConfig: Setting CVar [[r.DOF.Recombine.Quality:1                ; cheap slight out of focus]]
[2020.02.06-22.48.07:369][  0]LogConfig: Setting CVar [[r.DOF.Recombine.EnableBokehSettings:0    ; no bokeh simulation on slight out of focus]]
[2020.02.06-22.48.07:369][  0]LogConfig: Setting CVar [[r.DOF.TemporalAAQuality:1                ; more stable temporal accumulation]]
[2020.02.06-22.48.07:369][  0]LogConfig: Setting CVar [[r.DOF.Kernel.MaxForegroundRadius:0.025]]
[2020.02.06-22.48.07:369][  0]LogConfig: Setting CVar [[r.DOF.Kernel.MaxBackgroundRadius:0.025]]
[2020.02.06-22.48.07:369][  0]LogConfig: Applying CVar settings from Section [TextureQuality@3] File [C:/Users/de768578/Documents/GitHub/NovasJourney/NovasJourney/Saved/Config/Windows/Scalability.ini]
[2020.02.06-22.48.07:369][  0]LogConfig: Setting CVar [[r.Streaming.MipBias:0]]
[2020.02.06-22.48.07:369][  0]LogConfig: Setting CVar [[r.Streaming.AmortizeCPUToGPUCopy:0]]
[2020.02.06-22.48.07:369][  0]LogConfig: Setting CVar [[r.Streaming.MaxNumTexturesToStreamPerFrame:0]]
[2020.02.06-22.48.07:369][  0]LogConfig: Setting CVar [[r.Streaming.Boost:1]]
[2020.02.06-22.48.07:369][  0]LogConfig: Setting CVar [[r.MaxAnisotropy:8]]
[2020.02.06-22.48.07:369][  0]LogConfig: Setting CVar [[r.Streaming.LimitPoolSizeToVRAM:0]]
[2020.02.06-22.48.07:369][  0]LogConfig: Setting CVar [[r.Streaming.PoolSize:1000]]
[2020.02.06-22.48.07:369][  0]LogConfig: Setting CVar [[r.Streaming.MaxEffectiveScreenSize:0]]
[2020.02.06-22.48.07:369][  0]LogConfig: Applying CVar settings from Section [EffectsQuality@3] File [C:/Users/de768578/Documents/GitHub/NovasJourney/NovasJourney/Saved/Config/Windows/Scalability.ini]
[2020.02.06-22.48.07:369][  0]LogConfig: Setting CVar [[r.TranslucencyLightingVolumeDim:64]]
[2020.02.06-22.48.07:369][  0]LogConfig: Setting CVar [[r.RefractionQuality:2]]
[2020.02.06-22.48.07:369][  0]LogConfig: Setting CVar [[r.SSR.Quality:3]]
[2020.02.06-22.48.07:369][  0]LogConfig: Setting CVar [[r.SceneColorFormat:4]]
[2020.02.06-22.48.07:369][  0]LogConfig: Setting CVar [[r.DetailMode:2]]
[2020.02.06-22.48.07:369][  0]LogConfig: Setting CVar [[r.TranslucencyVolumeBlur:1]]
[2020.02.06-22.48.07:369][  0]LogConfig: Setting CVar [[r.MaterialQualityLevel:1 ; High quality]]
[2020.02.06-22.48.07:369][  0]LogConfig: Setting CVar [[r.SSS.Scale:1]]
[2020.02.06-22.48.07:369][  0]LogConfig: Setting CVar [[r.SSS.SampleSet:2]]
[2020.02.06-22.48.07:369][  0]LogConfig: Setting CVar [[r.SSS.Quality:1]]
[2020.02.06-22.48.07:369][  0]LogConfig: Setting CVar [[r.SSS.HalfRes:1]]
[2020.02.06-22.48.07:369][  0]LogConfig: Setting CVar [[r.EmitterSpawnRateScale:1.0]]
[2020.02.06-22.48.07:370][  0]LogConfig: Setting CVar [[r.ParticleLightQuality:2]]
[2020.02.06-22.48.07:370][  0]LogConfig: Applying CVar settings from Section [FoliageQuality@3] File [C:/Users/de768578/Documents/GitHub/NovasJourney/NovasJourney/Saved/Config/Windows/Scalability.ini]
[2020.02.06-22.48.07:370][  0]LogConfig: Setting CVar [[foliage.DensityScale:1.0]]
[2020.02.06-22.48.07:370][  0]LogConfig: Setting CVar [[grass.DensityScale:1.0]]
[2020.02.06-22.48.07:370][  0]LogConfig: Applying CVar settings from Section [Startup] File [../../../Engine/Config/ConsoleVariables.ini]
[2020.02.06-22.48.07:373][  0]LogConfig: Setting CVar [[net.UseAdaptiveNetUpdateFrequency:0]]
[2020.02.06-22.48.07:373][  0]LogConfig: Setting CVar [[p.chaos.AllowCreatePhysxBodies:1]]
[2020.02.06-22.48.07:373][  0]LogConfig: Applying CVar settings from Section [ConsoleVariables] File [C:/Users/de768578/Documents/GitHub/NovasJourney/NovasJourney/Saved/Config/Windows/Engine.ini]
[2020.02.06-22.48.07:373][  0]LogInit: Computer: DTC5GV3FX2
[2020.02.06-22.48.07:373][  0]LogInit: User: de768578
[2020.02.06-22.48.07:373][  0]LogInit: CPU Page size=4096, Cores=8
[2020.02.06-22.48.07:373][  0]LogInit: High frequency timer resolution =10.000000 MHz
[2020.02.06-22.48.07:373][  0]LogMemory: Memory total: Physical=31.8GB (32GB approx)
[2020.02.06-22.48.07:373][  0]LogMemory: Platform Memory Stats for Windows
[2020.02.06-22.48.07:373][  0]LogMemory: Process Physical Memory: 100.44 MB used, 100.45 MB peak
[2020.02.06-22.48.07:373][  0]LogMemory: Process Virtual Memory: 97.77 MB used, 97.77 MB peak
[2020.02.06-22.48.07:373][  0]LogMemory: Physical Memory: 8708.72 MB used,  23877.84 MB free, 32586.56 MB total
[2020.02.06-22.48.07:373][  0]LogMemory: Virtual Memory: 4684.02 MB used,  134213040.00 MB free, 134217728.00 MB total
[2020.02.06-22.48.07:466][  0]LogInit: Using OS detected language (en-US).
[2020.02.06-22.48.07:466][  0]LogInit: Using OS detected locale (en-US).
[2020.02.06-22.48.07:467][  0]LogTextLocalizationManager: No specific localization for 'en-US' exists, so the 'en' localization will be used.
[2020.02.06-22.48.07:627][  0]LogInit: Setting process to per monitor DPI aware
[2020.02.06-22.48.07:690][  0]LogSlate: New Slate User Created.  User Index 0, Is Virtual User: 0
[2020.02.06-22.48.07:690][  0]LogSlate: Slate User Registered.  User Index 0, Is Virtual User: 0
[2020.02.06-22.48.09:273][  0]LogHMD: Failed to initialize OpenVR with code 110
[2020.02.06-22.48.09:273][  0]LogD3D11RHI: D3D11 adapters:
[2020.02.06-22.48.09:341][  0]LogD3D11RHI:    0. 'NVIDIA GeForce RTX 2080' (Feature Level 11_0)
[2020.02.06-22.48.09:341][  0]LogD3D11RHI:       8010/0/16293 MB DedicatedVideo/DedicatedSystem/SharedSystem, Outputs:2, VendorId:0x10de
[2020.02.06-22.48.09:370][  0]LogD3D11RHI:    1. 'Intel(R) UHD Graphics 630' (Feature Level 11_0)
[2020.02.06-22.48.09:370][  0]LogD3D11RHI:       128/0/16293 MB DedicatedVideo/DedicatedSystem/SharedSystem, Outputs:0, VendorId:0x8086
[2020.02.06-22.48.09:372][  0]LogD3D11RHI:    2. 'Microsoft Basic Render Driver' (Feature Level 11_0)
[2020.02.06-22.48.09:372][  0]LogD3D11RHI:       0/0/16293 MB DedicatedVideo/DedicatedSystem/SharedSystem, Outputs:0, VendorId:0x1414
[2020.02.06-22.48.09:373][  0]LogD3D11RHI:    3. 'Microsoft Basic Render Driver' (Feature Level 11_0)
[2020.02.06-22.48.09:373][  0]LogD3D11RHI:       0/0/16293 MB DedicatedVideo/DedicatedSystem/SharedSystem, Outputs:0, VendorId:0x1414
[2020.02.06-22.48.09:375][  0]LogD3D11RHI:    4. 'Microsoft Basic Render Driver' (Feature Level 11_0)
[2020.02.06-22.48.09:375][  0]LogD3D11RHI:       0/0/16293 MB DedicatedVideo/DedicatedSystem/SharedSystem, Outputs:0, VendorId:0x1414
[2020.02.06-22.48.09:375][  0]LogD3D11RHI: Chosen D3D11 Adapter: 0
[2020.02.06-22.48.09:381][  0]LogD3D11RHI: Creating new Direct3DDevice
[2020.02.06-22.48.09:382][  0]LogD3D11RHI:     GPU DeviceId: 0x1e87 (for the marketing name, search the web for "GPU Device Id")
[2020.02.06-22.48.09:382][  0]LogWindows: EnumDisplayDevices:
[2020.02.06-22.48.09:382][  0]LogWindows:    0. 'NVIDIA GeForce RTX 2080' (P:1 D:1)
[2020.02.06-22.48.09:382][  0]LogWindows:    1. 'NVIDIA GeForce RTX 2080' (P:0 D:1)
[2020.02.06-22.48.09:382][  0]LogWindows:    2. 'NVIDIA GeForce RTX 2080' (P:0 D:0)
[2020.02.06-22.48.09:382][  0]LogWindows:    3. 'NVIDIA GeForce RTX 2080' (P:0 D:0)
[2020.02.06-22.48.09:382][  0]LogWindows:    4. 'Intel(R) UHD Graphics 630' (P:0 D:0)
[2020.02.06-22.48.09:383][  0]LogWindows:    5. 'Intel(R) UHD Graphics 630' (P:0 D:0)
[2020.02.06-22.48.09:383][  0]LogWindows:    6. 'Intel(R) UHD Graphics 630' (P:0 D:0)
[2020.02.06-22.48.09:383][  0]LogWindows:    7. 'Intel Unite Graphics Adapter' (P:0 D:0)
[2020.02.06-22.48.09:383][  0]LogWindows:    8. 'Intel Unite Graphics Adapter' (P:0 D:0)
[2020.02.06-22.48.09:383][  0]LogWindows:    9. 'Intel Unite Graphics Adapter' (P:0 D:0)
[2020.02.06-22.48.09:384][  0]LogWindows:    10. 'Citrix Indirect Display Adapter' (P:0 D:0)
[2020.02.06-22.48.09:384][  0]LogWindows:    11. 'Citrix Indirect Display Adapter' (P:0 D:0)
[2020.02.06-22.48.09:384][  0]LogWindows:    12. 'Citrix Indirect Display Adapter' (P:0 D:0)
[2020.02.06-22.48.09:384][  0]LogWindows:    13. 'Citrix Indirect Display Adapter' (P:0 D:0)
[2020.02.06-22.48.09:384][  0]LogWindows:    14. 'Citrix Indirect Display Adapter' (P:0 D:0)
[2020.02.06-22.48.09:385][  0]LogWindows:    15. 'Citrix Indirect Display Adapter' (P:0 D:0)
[2020.02.06-22.48.09:385][  0]LogWindows:    16. 'Citrix Indirect Display Adapter' (P:0 D:0)
[2020.02.06-22.48.09:385][  0]LogWindows:    17. 'Citrix Indirect Display Adapter' (P:0 D:0)
[2020.02.06-22.48.09:385][  0]LogWindows: DebugString: PrimaryIsNotTheChoosenAdapter PrimaryIsNotTheChoosenAdapter PrimaryIsNotTheChoosenAdapter PrimaryIsNotTheChoosenAdapter PrimaryIsNotTheChoosenAdapter PrimaryIsNotTheChoosenAdapter GetVideoDriverDetailsInvalid PrimaryIsNotTheChoosenAdapter GetVideoDriverDetailsInvalid PrimaryIsNotTheChoosenAdapter GetVideoDriverDetailsInvalid PrimaryIsNotTheChoosenAdapter GetVideoDriverDetailsInvalid PrimaryIsNotTheChoosenAdapter GetVideoDriverDetailsInvalid PrimaryIsNotTheChoosenAdapter GetVideoDriverDetailsInvalid PrimaryIsNotTheChoosenAdapter GetVideoDriverDetailsInvalid PrimaryIsNotTheChoosenAdapter GetVideoDriverDetailsInvalid PrimaryIsNotTheChoosenAdapter FoundDriverCount:4 
[2020.02.06-22.48.09:385][  0]LogD3D11RHI:     Adapter Name: NVIDIA GeForce RTX 2080
[2020.02.06-22.48.09:385][  0]LogD3D11RHI:   Driver Version: 441.12 (internal:26.21.14.4112, unified:441.12)
[2020.02.06-22.48.09:385][  0]LogD3D11RHI:      Driver Date: 10-24-2019
[2020.02.06-22.48.09:385][  0]LogRHI: Texture pool is 5607 MB (70% of 8010 MB)
[2020.02.06-22.48.09:420][  0]LogD3D11RHI: Async texture creation enabled
[2020.02.06-22.48.09:423][  0]LogRendererCore: FGlobalReadBuffer::InitRHI
[2020.02.06-22.48.09:423][  0]LogRendererCore: FGlobalReadBuffer::InitRHI
[2020.02.06-22.48.09:423][  0]LogRendererCore: FGlobalReadBuffer::InitRHI
[2020.02.06-22.48.09:430][  0]LogD3D11RHI: GPU Timing Frequency: 1000.000000 (Debug: 2 1)
[2020.02.06-22.48.09:679][  0]LogTemp: Display: Module 'AllDesktopTargetPlatform' loaded TargetPlatform 'AllDesktop'
[2020.02.06-22.48.09:689][  0]LogTemp: Display: Module 'MacClientTargetPlatform' loaded TargetPlatform 'MacClient'
[2020.02.06-22.48.09:699][  0]LogTemp: Display: Module 'MacNoEditorTargetPlatform' loaded TargetPlatform 'MacNoEditor'
[2020.02.06-22.48.09:710][  0]LogTemp: Display: Module 'MacServerTargetPlatform' loaded TargetPlatform 'MacServer'
[2020.02.06-22.48.09:724][  0]LogTemp: Display: Module 'MacTargetPlatform' loaded TargetPlatform 'Mac'
[2020.02.06-22.48.09:734][  0]LogTemp: Display: Module 'WindowsClientTargetPlatform' loaded TargetPlatform 'WindowsClient'
[2020.02.06-22.48.09:745][  0]LogTemp: Display: Module 'WindowsNoEditorTargetPlatform' loaded TargetPlatform 'WindowsNoEditor'
[2020.02.06-22.48.09:755][  0]LogTemp: Display: Module 'WindowsServerTargetPlatform' loaded TargetPlatform 'WindowsServer'
[2020.02.06-22.48.09:760][  0]LogTemp: Display: Module 'WindowsTargetPlatform' loaded TargetPlatform 'Windows'
[2020.02.06-22.48.09:826][  0]LogTemp: Display: Module 'AndroidTargetPlatform' loaded TargetPlatform 'Android'
[2020.02.06-22.48.09:826][  0]LogTemp: Display: Module 'AndroidTargetPlatform' loaded TargetPlatform 'Android_ASTC'
[2020.02.06-22.48.09:826][  0]LogTemp: Display: Module 'AndroidTargetPlatform' loaded TargetPlatform 'Android_ATC'
[2020.02.06-22.48.09:826][  0]LogTemp: Display: Module 'AndroidTargetPlatform' loaded TargetPlatform 'Android_DXT'
[2020.02.06-22.48.09:826][  0]LogTemp: Display: Module 'AndroidTargetPlatform' loaded TargetPlatform 'Android_ETC1'
[2020.02.06-22.48.09:826][  0]LogTemp: Display: Module 'AndroidTargetPlatform' loaded TargetPlatform 'Android_ETC1a'
[2020.02.06-22.48.09:826][  0]LogTemp: Display: Module 'AndroidTargetPlatform' loaded TargetPlatform 'Android_ETC2'
[2020.02.06-22.48.09:826][  0]LogTemp: Display: Module 'AndroidTargetPlatform' loaded TargetPlatform 'Android_PVRTC'
[2020.02.06-22.48.09:826][  0]LogTemp: Display: Module 'AndroidTargetPlatform' loaded TargetPlatform 'AndroidClient'
[2020.02.06-22.48.09:826][  0]LogTemp: Display: Module 'AndroidTargetPlatform' loaded TargetPlatform 'Android_ASTCClient'
[2020.02.06-22.48.09:826][  0]LogTemp: Display: Module 'AndroidTargetPlatform' loaded TargetPlatform 'Android_ATCClient'
[2020.02.06-22.48.09:826][  0]LogTemp: Display: Module 'AndroidTargetPlatform' loaded TargetPlatform 'Android_DXTClient'
[2020.02.06-22.48.09:826][  0]LogTemp: Display: Module 'AndroidTargetPlatform' loaded TargetPlatform 'Android_ETC1Client'
[2020.02.06-22.48.09:826][  0]LogTemp: Display: Module 'AndroidTargetPlatform' loaded TargetPlatform 'Android_ETC1aClient'
[2020.02.06-22.48.09:826][  0]LogTemp: Display: Module 'AndroidTargetPlatform' loaded TargetPlatform 'Android_ETC2Client'
[2020.02.06-22.48.09:826][  0]LogTemp: Display: Module 'AndroidTargetPlatform' loaded TargetPlatform 'Android_PVRTCClient'
[2020.02.06-22.48.09:826][  0]LogTemp: Display: Module 'AndroidTargetPlatform' loaded TargetPlatform 'Android_Multi'
[2020.02.06-22.48.09:826][  0]LogTemp: Display: Module 'AndroidTargetPlatform' loaded TargetPlatform 'Android_MultiClient'
[2020.02.06-22.48.09:828][  0]LogTemp: Display: Module 'HTML5TargetPlatform' loaded TargetPlatform 'HTML5'
[2020.02.06-22.48.09:887][  0]LogTemp: Display: Module 'IOSTargetPlatform' loaded TargetPlatform 'IOSClient'
[2020.02.06-22.48.09:887][  0]LogTemp: Display: Module 'IOSTargetPlatform' loaded TargetPlatform 'IOS'
[2020.02.06-22.48.09:905][  0]LogTemp: Display: Module 'TVOSTargetPlatform' loaded TargetPlatform 'TVOSClient'
[2020.02.06-22.48.09:905][  0]LogTemp: Display: Module 'TVOSTargetPlatform' loaded TargetPlatform 'TVOS'
[2020.02.06-22.48.09:914][  0]LogTemp: Display: Module 'LinuxClientTargetPlatform' loaded TargetPlatform 'LinuxClient'
[2020.02.06-22.48.09:923][  0]LogTemp: Display: Module 'LinuxNoEditorTargetPlatform' loaded TargetPlatform 'LinuxNoEditor'
[2020.02.06-22.48.09:933][  0]LogTemp: Display: Module 'LinuxServerTargetPlatform' loaded TargetPlatform 'LinuxServer'
[2020.02.06-22.48.09:949][  0]LogTemp: Display: Module 'LinuxTargetPlatform' loaded TargetPlatform 'Linux'
[2020.02.06-22.48.09:986][  0]LogTemp: Display: Module 'LuminTargetPlatform' loaded TargetPlatform 'Lumin'
[2020.02.06-22.48.09:986][  0]LogTemp: Display: Module 'LuminTargetPlatform' loaded TargetPlatform 'LuminClient'
[2020.02.06-22.48.09:986][  0]LogTargetPlatformManager: Display: Building Assets For Windows
[2020.02.06-22.48.10:013][  0]LogAudioDebug: Display: Lib vorbis DLL was dynamically loaded.
[2020.02.06-22.48.10:067][  0]LogShaderCompilers: Guid format shader working directory is -25 characters bigger than the processId version (../../../../../../Users/de768578/Documents/GitHub/NovasJourney/NovasJourney/Intermediate/Shaders/WorkingDirectory/19412/).
[2020.02.06-22.48.10:067][  0]LogShaderCompilers: Cleaned the shader compiler working directory 'C:/Users/de768578/AppData/Local/Temp/5/UnrealShaderWorkingDir/5A99B49848D558547549E685A6AAB236/'.
[2020.02.06-22.48.10:069][  0]LogXGEController: Cleaning working directory: C:/Users/de768578/AppData/Local/Temp/5/UnrealXGEWorkingDir/
[2020.02.06-22.48.10:082][  0]LogShaderCompilers: Display: Using XGE Shader Compiler (Interception Interface).
[2020.02.06-22.48.11:643][  0]LogDerivedDataCache: Display: Max Cache Size: 512 MB
[2020.02.06-22.48.11:682][  0]LogDerivedDataCache: Loaded boot cache 0.04s 71MB C:/Users/de768578/AppData/Local/UnrealEngine/4.22/DerivedDataCache/Boot.ddc.
[2020.02.06-22.48.11:682][  0]LogDerivedDataCache: Display: Loaded Boot cache: C:/Users/de768578/AppData/Local/UnrealEngine/4.22/DerivedDataCache/Boot.ddc
[2020.02.06-22.48.11:682][  0]LogDerivedDataCache: FDerivedDataBackendGraph:  Pak pak cache file ../../../../../../Users/de768578/Documents/GitHub/NovasJourney/NovasJourney/DerivedDataCache/DDC.ddp not found, will not use a pak cache.
[2020.02.06-22.48.11:682][  0]LogDerivedDataCache: Unable to find inner node Pak for hierarchical cache Hierarchy.
[2020.02.06-22.48.11:683][  0]LogDerivedDataCache: FDerivedDataBackendGraph:  CompressedPak pak cache file ../../../../../../Users/de768578/Documents/GitHub/NovasJourney/NovasJourney/DerivedDataCache/Compressed.ddp not found, will not use a pak cache.
[2020.02.06-22.48.11:683][  0]LogDerivedDataCache: Unable to find inner node CompressedPak for hierarchical cache Hierarchy.
[2020.02.06-22.48.11:697][  0]LogDerivedDataCache: Display: Pak cache opened for reading ../../../Engine/DerivedDataCache/Compressed.ddp.
[2020.02.06-22.48.11:705][  0]LogDerivedDataCache: Display: Pak cache opened for reading ../../../Enterprise/DerivedDataCache/Compressed.ddp.
[2020.02.06-22.48.11:717][  0]LogDerivedDataCache: Using Local data cache path C:/Users/de768578/AppData/Local/UnrealEngine/Common/DerivedDataCache: Writable
[2020.02.06-22.48.11:717][  0]LogDerivedDataCache: Shared data cache path not found in *engine.ini, will not use an Shared cache.
[2020.02.06-22.48.11:717][  0]LogDerivedDataCache: Unable to find inner node Shared for hierarchical cache Hierarchy.
[2020.02.06-22.48.11:733][  0]LogMaterial: Verifying Global Shaders for PCD3D_SM5
[2020.02.06-22.48.11:734][  0]LogSlate: Using FreeType 2.6.0
[2020.02.06-22.48.11:746][  0]LogSlate: SlateFontServices - WITH_FREETYPE: 1, WITH_HARFBUZZ: 1
[2020.02.06-22.48.11:932][  0]LogAssetRegistry: FAssetRegistry took 0.0305 seconds to start up
[2020.02.06-22.48.12:178][  0]LogInit: Selected Device Profile: [Windows]
[2020.02.06-22.48.12:340][  0]LogMeshReduction: Using QuadricMeshReduction for automatic static mesh reduction
[2020.02.06-22.48.12:340][  0]LogMeshReduction: Using SimplygonMeshReduction for automatic skeletal mesh reduction
[2020.02.06-22.48.12:340][  0]LogMeshReduction: Using ProxyLODMeshReduction for automatic mesh merging
[2020.02.06-22.48.12:340][  0]LogMeshReduction: No distributed automatic mesh merging module available
[2020.02.06-22.48.12:340][  0]LogMeshMerging: No distributed automatic mesh merging module available
[2020.02.06-22.48.12:366][  0]LogNetVersion: NovasJourney 1.0.0, NetCL: 5660361, EngineNetVer: 10, GameNetVer: 0 (Checksum: 477171736)
[2020.02.06-22.48.13:035][  0]LogPackageLocalizationCache: Processed 10 localized package path(s) for 1 prioritized culture(s) in 0.027421 seconds
[2020.02.06-22.48.13:039][  0]LogUObjectArray: 42205 objects as part of root set at end of initial load.
[2020.02.06-22.48.13:039][  0]LogUObjectAllocator: 7325032 out of 0 bytes used by permanent object pool.
[2020.02.06-22.48.13:039][  0]LogUObjectArray: CloseDisregardForGC: 0/0 objects in disregard for GC pool
[2020.02.06-22.48.14:871][  0]LogTcpMessaging: Initializing TcpMessaging bridge
[2020.02.06-22.48.14:884][  0]LogUdpMessaging: Initializing bridge on interface 0.0.0.0:0 to multicast group 230.0.0.1:6666.
[2020.02.06-22.48.15:009][  0]SourceControl: Source control is disabled
[2020.02.06-22.48.15:009][  0]SourceControl: Source control is disabled
[2020.02.06-22.48.15:011][  0]SourceControl: Source control is disabled
[2020.02.06-22.48.15:011][  0]SourceControl: Source control is disabled
[2020.02.06-22.48.15:091][  0]LogAndroidPermission: UAndroidPermissionCallbackProxy::GetInstance
[2020.02.06-22.48.15:193][  0]LogOcInput: OculusInput pre-init called
[2020.02.06-22.48.15:783][  0]LogEngine: Initializing Engine...
[2020.02.06-22.48.15:783][  0]LogHMD: Failed to initialize OpenVR with code 110
[2020.02.06-22.48.15:784][  0]LogStats: UGameplayTagsManager::InitializeManager -  0.000 s
[2020.02.06-22.48.16:060][  0]LogInit: Initializing FReadOnlyCVARCache
[2020.02.06-22.48.16:069][  0]LogAIModule: Creating AISystem for world Untitled
[2020.02.06-22.48.16:098][  0]LogInit: XAudio2 using 'DELL U2419H (NVIDIA High Definition Audio)' : 2 channels at 48 kHz using 16 bits per sample (channel mask 0x3)
[2020.02.06-22.48.16:111][  0]LogInit: FAudioDevice initialized.
[2020.02.06-22.48.16:111][  0]LogNetVersion: Set ProjectVersion to 1.0.0.0. Version Checksum will be recalculated on next use.
[2020.02.06-22.48.16:148][  0]LogDerivedDataCache: Saved boot cache 0.04s 71MB C:/Users/de768578/AppData/Local/UnrealEngine/4.22/DerivedDataCache/Boot.ddc.
[2020.02.06-22.48.16:152][  0]LogInit: Texture streaming: Enabled
[2020.02.06-22.48.16:166][  0]LogEngineSessionManager: EngineSessionManager initialized
[2020.02.06-22.48.16:184][  0]LogInit: Transaction tracking system initialized
[2020.02.06-22.48.16:203][  0]BlueprintLog: New page: Editor Load
[2020.02.06-22.48.16:269][  0]LocalizationService: Localization service is disabled
[2020.02.06-22.48.16:668][  0]LogCook: Display: Max memory allowance for cook 16384mb min free memory 0mb
[2020.02.06-22.48.16:668][  0]LogCook: Display: Mobile HDR setting 1
[2020.02.06-22.48.16:704][  0]LogFileCache: Scanning file cache for directory 'C:/Users/de768578/Documents/GitHub/NovasJourney/NovasJourney/Content/' took 0.02s
[2020.02.06-22.48.16:896][  0]SourceControl: Source control is disabled
[2020.02.06-22.48.16:896][  0]Cmd: MAP LOAD FILE="../../../../../../Users/de768578/Documents/GitHub/NovasJourney/NovasJourney/Content/Content/Levels/Maps/TestLevel.umap" TEMPLATE=0 SHOWPROGRESS=1 FEATURELEVEL=3
[2020.02.06-22.48.16:900][  0]LightingResults: New page: Lighting Build
[2020.02.06-22.48.16:902][  0]MapCheck: New page: Map Check
[2020.02.06-22.48.16:902][  0]LightingResults: New page: Lighting Build
[2020.02.06-22.48.16:927][  0]LogUObjectHash: Compacting FUObjectHashTables data took   1.83ms
[2020.02.06-22.48.17:243][  0]LogLinker: Warning: Can't find file '/Game/StarterContent/Particles/P_Explosion'
[2020.02.06-22.48.17:243][  0]LoadErrors: Failed to load /Game/StarterContent/Particles/P_Explosion.P_Explosion Referenced by ParticleSystem_GEN_VARIABLE
[2020.02.06-22.48.17:243][  0]LogLinker: Warning: Can't find file for asset '/Game/StarterContent/Particles/P_Explosion' while loading NULL.
[2020.02.06-22.48.17:830][  0]LogLinker: Warning: Can't find file '/Script/EnvironmentQueryEditor'
[2020.02.06-22.48.17:830][  0]LoadErrors: Failed to load /Game/Enemy/Enemy_AI.Enemy_AI_C Referenced by Mesh Sheild1_GEN_VARIABLE
[2020.02.06-22.48.17:830][  0]LogLinker: Warning: Can't find file for asset '/Script/EnvironmentQueryEditor' while loading NULL.
[2020.02.06-22.48.17:830][  0]LogLinker: Warning: Can't find file '/Script/EnvironmentQueryEditor'
[2020.02.06-22.48.17:830][  0]LoadErrors: Failed to load /Game/Enemy/Enemy_AI.Enemy_AI_C Referenced by Mesh Sheild1_GEN_VARIABLE
[2020.02.06-22.48.17:830][  0]LogLinker: Warning: Can't find file for asset '/Script/EnvironmentQueryEditor' while loading NULL.
[2020.02.06-22.48.17:831][  0]LogLinker: Warning: Can't find file '/Script/EnvironmentQueryEditor'
[2020.02.06-22.48.17:831][  0]LoadErrors: Failed to load /Game/Enemy/Enemy_AI.Enemy_AI_C Referenced by Mesh Sheild1_GEN_VARIABLE
[2020.02.06-22.48.17:831][  0]LogLinker: Warning: Can't find file for asset '/Script/EnvironmentQueryEditor' while loading NULL.
[2020.02.06-22.48.17:831][  0]LogLinker: Warning: Can't find file '/Script/EnvironmentQueryEditor'
[2020.02.06-22.48.17:831][  0]LoadErrors: Failed to load /Game/Enemy/Enemy_AI.Enemy_AI_C Referenced by Mesh Sheild1_GEN_VARIABLE
[2020.02.06-22.48.17:831][  0]LogLinker: Warning: Can't find file for asset '/Script/EnvironmentQueryEditor' while loading NULL.
[2020.02.06-22.48.17:831][  0]LogLinker: Warning: Can't find file '/Script/EnvironmentQueryEditor'
[2020.02.06-22.48.17:831][  0]LoadErrors: Failed to load /Game/Enemy/Enemy_AI.Enemy_AI_C Referenced by Mesh Sheild1_GEN_VARIABLE
[2020.02.06-22.48.17:831][  0]LogLinker: Warning: Can't find file for asset '/Script/EnvironmentQueryEditor' while loading NULL.
[2020.02.06-22.48.17:831][  0]LogLinker: Warning: Can't find file '/Script/EnvironmentQueryEditor'
[2020.02.06-22.48.17:831][  0]LoadErrors: Failed to load /Game/Enemy/Enemy_AI.Enemy_AI_C Referenced by Mesh Sheild1_GEN_VARIABLE
[2020.02.06-22.48.17:831][  0]LogLinker: Warning: Can't find file for asset '/Script/EnvironmentQueryEditor' while loading NULL.
[2020.02.06-22.48.17:831][  0]LogLinker: Warning: Can't find file '/Script/EnvironmentQueryEditor'
[2020.02.06-22.48.17:831][  0]LoadErrors: Failed to load /Script/EnvironmentQueryEditor.EnvironmentQueryGraph Referenced by Mesh Sheild1_GEN_VARIABLE
[2020.02.06-22.48.17:831][  0]LogLinker: Warning: Can't find file for asset '/Script/EnvironmentQueryEditor' while loading NULL.
[2020.02.06-22.48.17:831][  0]LogLinker: Warning: Can't find file '/Script/EnvironmentQueryEditor'
[2020.02.06-22.48.17:831][  0]LoadErrors: Failed to load /Game/Enemy/Enemy_AI.Enemy_AI_C Referenced by Mesh Sheild1_GEN_VARIABLE
[2020.02.06-22.48.17:831][  0]LogLinker: Warning: Can't find file for asset '/Script/EnvironmentQueryEditor' while loading NULL.
[2020.02.06-22.48.17:831][  0]LogLinker: Warning: Can't find file '/Script/EnvironmentQueryEditor'
[2020.02.06-22.48.17:831][  0]LoadErrors: Failed to load /Script/EnvironmentQueryEditor.EnvironmentQueryGraphNode_Option Referenced by Mesh Sheild1_GEN_VARIABLE
[2020.02.06-22.48.17:831][  0]LogLinker: Warning: Can't find file for asset '/Script/EnvironmentQueryEditor' while loading NULL.
[2020.02.06-22.48.17:831][  0]LogLinker: Warning: Can't find file '/Script/EnvironmentQueryEditor'
[2020.02.06-22.48.17:831][  0]LoadErrors: Failed to load /Game/Enemy/Enemy_AI.Enemy_AI_C Referenced by Mesh Sheild1_GEN_VARIABLE
[2020.02.06-22.48.17:831][  0]LogLinker: Warning: Can't find file for asset '/Script/EnvironmentQueryEditor' while loading NULL.
[2020.02.06-22.48.17:831][  0]LogLinker: Warning: Can't find file '/Script/EnvironmentQueryEditor'
[2020.02.06-22.48.17:831][  0]LoadErrors: Failed to load /Script/EnvironmentQueryEditor.EnvironmentQueryGraphNode_Root Referenced by Mesh Sheild1_GEN_VARIABLE
[2020.02.06-22.48.17:831][  0]LogLinker: Warning: Can't find file for asset '/Script/EnvironmentQueryEditor' while loading NULL.
[2020.02.06-22.48.17:831][  0]LogLinker: Warning: Can't find file '/Script/EnvironmentQueryEditor'
[2020.02.06-22.48.17:831][  0]LoadErrors: Failed to load /Game/Enemy/Enemy_AI.Enemy_AI_C Referenced by Mesh Sheild1_GEN_VARIABLE
[2020.02.06-22.48.17:831][  0]LogLinker: Warning: Can't find file for asset '/Script/EnvironmentQueryEditor' while loading NULL.
[2020.02.06-22.48.17:831][  0]LogLinker: Warning: Can't find file '/Script/EnvironmentQueryEditor'
[2020.02.06-22.48.17:832][  0]LoadErrors: Failed to load /Script/EnvironmentQueryEditor.EnvironmentQueryGraphNode_Test Referenced by Mesh Sheild1_GEN_VARIABLE
[2020.02.06-22.48.17:832][  0]LogLinker: Warning: Can't find file for asset '/Script/EnvironmentQueryEditor' while loading NULL.
[2020.02.06-22.48.17:832][  0]LogLinker: Warning: Can't find file '/Script/EnvironmentQueryEditor'
[2020.02.06-22.48.17:832][  0]LoadErrors: Failed to load /Game/Enemy/Enemy_AI.Enemy_AI_C Referenced by Mesh Sheild1_GEN_VARIABLE
[2020.02.06-22.48.17:832][  0]LogLinker: Warning: Can't find file for asset '/Script/EnvironmentQueryEditor' while loading NULL.
[2020.02.06-22.48.17:832][  0]LogLinker: Warning: Can't find file '/Script/EnvironmentQueryEditor'
[2020.02.06-22.48.17:832][  0]LoadErrors: Failed to load /Script/EnvironmentQueryEditor.EnvironmentQueryGraphNode_Test Referenced by Mesh Sheild1_GEN_VARIABLE
[2020.02.06-22.48.17:832][  0]LogLinker: Warning: Can't find file for asset '/Script/EnvironmentQueryEditor' while loading NULL.
[2020.02.06-22.48.17:835][  0]LogLinker: Warning: Can't find file '/Script/EnvironmentQueryEditor'
[2020.02.06-22.48.17:835][  0]LoadErrors: Failed to load /Game/Enemy/Enemy_AI.Enemy_AI_C Referenced by Mesh Sheild1_GEN_VARIABLE
[2020.02.06-22.48.17:835][  0]LogLinker: Warning: Can't find file for asset '/Script/EnvironmentQueryEditor' while loading NULL.
[2020.02.06-22.48.17:835][  0]LogLinker: Warning: Can't find file '/Script/EnvironmentQueryEditor'
[2020.02.06-22.48.17:835][  0]LoadErrors: Failed to load /Game/Enemy/Enemy_AI.Enemy_AI_C Referenced by Mesh Sheild1_GEN_VARIABLE
[2020.02.06-22.48.17:835][  0]LogLinker: Warning: Can't find file for asset '/Script/EnvironmentQueryEditor' while loading NULL.
[2020.02.06-22.48.17:835][  0]LogLinker: Warning: Can't find file '/Script/EnvironmentQueryEditor'
[2020.02.06-22.48.17:835][  0]LoadErrors: Failed to load /Game/Enemy/Enemy_AI.Enemy_AI_C Referenced by Mesh Sheild1_GEN_VARIABLE
[2020.02.06-22.48.17:835][  0]LogLinker: Warning: Can't find file for asset '/Script/EnvironmentQueryEditor' while loading NULL.
[2020.02.06-22.48.17:835][  0]LogLinker: Warning: Can't find file '/Script/EnvironmentQueryEditor'
[2020.02.06-22.48.17:835][  0]LoadErrors: Failed to load /Game/Enemy/Enemy_AI.Enemy_AI_C Referenced by Mesh Sheild1_GEN_VARIABLE
[2020.02.06-22.48.17:835][  0]LogLinker: Warning: Can't find file for asset '/Script/EnvironmentQueryEditor' while loading NULL.
[2020.02.06-22.48.17:836][  0]LogLinker: Warning: Can't find file '/Script/EnvironmentQueryEditor'
[2020.02.06-22.48.17:836][  0]LoadErrors: Failed to load /Game/Enemy/Enemy_AI.Enemy_AI_C Referenced by Mesh Sheild1_GEN_VARIABLE
[2020.02.06-22.48.17:836][  0]LogLinker: Warning: Can't find file for asset '/Script/EnvironmentQueryEditor' while loading NULL.
[2020.02.06-22.48.17:836][  0]LogLinker: Warning: Can't find file '/Script/EnvironmentQueryEditor'
[2020.02.06-22.48.17:836][  0]LoadErrors: Failed to load /Game/Enemy/Enemy_AI.Enemy_AI_C Referenced by Mesh Sheild1_GEN_VARIABLE
[2020.02.06-22.48.17:836][  0]LogLinker: Warning: Can't find file for asset '/Script/EnvironmentQueryEditor' while loading NULL.
[2020.02.06-22.48.17:836][  0]LogLinker: Warning: Can't find file '/Script/EnvironmentQueryEditor'
[2020.02.06-22.48.17:836][  0]LoadErrors: Failed to load /Script/EnvironmentQueryEditor.EnvironmentQueryGraph Referenced by Mesh Sheild1_GEN_VARIABLE
[2020.02.06-22.48.17:836][  0]LogLinker: Warning: Can't find file for asset '/Script/EnvironmentQueryEditor' while loading NULL.
[2020.02.06-22.48.17:836][  0]LogLinker: Warning: Can't find file '/Script/EnvironmentQueryEditor'
[2020.02.06-22.48.17:836][  0]LoadErrors: Failed to load /Game/Enemy/Enemy_AI.Enemy_AI_C Referenced by Mesh Sheild1_GEN_VARIABLE
[2020.02.06-22.48.17:836][  0]LogLinker: Warning: Can't find file for asset '/Script/EnvironmentQueryEditor' while loading NULL.
[2020.02.06-22.48.17:836][  0]LogLinker: Warning: Can't find file '/Script/EnvironmentQueryEditor'
[2020.02.06-22.48.17:836][  0]LoadErrors: Failed to load /Script/EnvironmentQueryEditor.EnvironmentQueryGraphNode_Option Referenced by Mesh Sheild1_GEN_VARIABLE
[2020.02.06-22.48.17:836][  0]LogLinker: Warning: Can't find file for asset '/Script/EnvironmentQueryEditor' while loading NULL.
[2020.02.06-22.48.17:836][  0]LogLinker: Warning: Can't find file '/Script/EnvironmentQueryEditor'
[2020.02.06-22.48.17:836][  0]LoadErrors: Failed to load /Game/Enemy/Enemy_AI.Enemy_AI_C Referenced by Mesh Sheild1_GEN_VARIABLE
[2020.02.06-22.48.17:836][  0]LogLinker: Warning: Can't find file for asset '/Script/EnvironmentQueryEditor' while loading NULL.
[2020.02.06-22.48.17:836][  0]LogLinker: Warning: Can't find file '/Script/EnvironmentQueryEditor'
[2020.02.06-22.48.17:836][  0]LoadErrors: Failed to load /Script/EnvironmentQueryEditor.EnvironmentQueryGraphNode_Root Referenced by Mesh Sheild1_GEN_VARIABLE
[2020.02.06-22.48.17:836][  0]LogLinker: Warning: Can't find file for asset '/Script/EnvironmentQueryEditor' while loading NULL.
[2020.02.06-22.48.17:836][  0]LogLinker: Warning: Can't find file '/Script/EnvironmentQueryEditor'
[2020.02.06-22.48.17:836][  0]LoadErrors: Failed to load /Game/Enemy/Enemy_AI.Enemy_AI_C Referenced by Mesh Sheild1_GEN_VARIABLE
[2020.02.06-22.48.17:836][  0]LogLinker: Warning: Can't find file for asset '/Script/EnvironmentQueryEditor' while loading NULL.
[2020.02.06-22.48.17:836][  0]LogLinker: Warning: Can't find file '/Script/EnvironmentQueryEditor'
[2020.02.06-22.48.17:836][  0]LoadErrors: Failed to load /Script/EnvironmentQueryEditor.EnvironmentQueryGraphNode_Test Referenced by Mesh Sheild1_GEN_VARIABLE
[2020.02.06-22.48.17:836][  0]LogLinker: Warning: Can't find file for asset '/Script/EnvironmentQueryEditor' while loading NULL.
[2020.02.06-22.48.17:989][  0]LogLinker: Warning: Can't find file '/Game/StarterContent/Audio/Collapse01'
[2020.02.06-22.48.17:989][  0]LoadErrors: Failed to load /Game/StarterContent/Audio/Collapse01 Referenced by Mesh Sheild1_GEN_VARIABLE
[2020.02.06-22.48.17:989][  0]LogLinker: Warning: Can't find file for asset '/Game/StarterContent/Audio/Collapse01' while loading NULL.
[2020.02.06-22.48.17:989][  0]LogLinker: Warning: Can't find file '/Game/StarterContent/Audio/Collapse01'
[2020.02.06-22.48.17:989][  0]LoadErrors: Failed to load /Game/StarterContent/Audio/Collapse01.Collapse01 Referenced by Mesh Sheild1_GEN_VARIABLE
[2020.02.06-22.48.17:990][  0]LogLinker: Warning: Can't find file for asset '/Game/StarterContent/Audio/Collapse01' while loading NULL.
[2020.02.06-22.48.17:993][  0]LogLinker: Warning: Can't find file '/Game/StarterContent/Audio/Collapse01'
[2020.02.06-22.48.17:993][  0]LoadErrors: Failed to load /Game/StarterContent/Audio/Collapse01.Collapse01 Referenced by K2Node_CallFunction_13
[2020.02.06-22.48.17:993][  0]LogLinker: Warning: Can't find file for asset '/Game/StarterContent/Audio/Collapse01' while loading NULL.
[2020.02.06-22.48.17:993][  0]LogLinker: Warning: Can't find file '/Game/StarterContent/Audio/Collapse01'
[2020.02.06-22.48.17:993][  0]LoadErrors: Failed to load /Game/StarterContent/Audio/Collapse01.Collapse01 Referenced by K2Node_CallFunction_7
[2020.02.06-22.48.17:993][  0]LogLinker: Warning: Can't find file for asset '/Game/StarterContent/Audio/Collapse01' while loading NULL.
[2020.02.06-22.48.17:994][  0]LogLinker: Warning: Can't find file '/Game/StarterContent/Audio/Collapse01'
[2020.02.06-22.48.17:994][  0]LoadErrors: Failed to load /Game/StarterContent/Audio/Collapse01.Collapse01 Referenced by K2Node_CallFunction_19
[2020.02.06-22.48.17:994][  0]LogLinker: Warning: Can't find file for asset '/Game/StarterContent/Audio/Collapse01' while loading NULL.
[2020.02.06-22.48.18:002][  0]LogLinker: Warning: Can't find file '/Game/StarterContent/Audio/Collapse01'
[2020.02.06-22.48.18:003][  0]LoadErrors: Failed to load /Game/Menus_AD/PauseMenu.PauseMenu_C Referenced by Mesh Sheild1_GEN_VARIABLE
[2020.02.06-22.48.18:003][  0]LogLinker: Warning: Can't find file for asset '/Game/StarterContent/Audio/Collapse01' while loading NULL.
[2020.02.06-22.48.18:003][  0]LogLinker: Warning: Can't find file '/Game/StarterContent/Audio/Collapse01'
[2020.02.06-22.48.18:003][  0]LoadErrors: Failed to load /Game/Menus_AD/PauseMenu.PauseMenu_C Referenced by Mesh Sheild1_GEN_VARIABLE
[2020.02.06-22.48.18:003][  0]LogLinker: Warning: Can't find file for asset '/Game/StarterContent/Audio/Collapse01' while loading NULL.
[2020.02.06-22.48.18:044][  0]LogLinker: Warning: Can't find file '/Game/StarterContent/Particles/P_Explosion'
[2020.02.06-22.48.18:044][  0]LoadErrors: Failed to load /Game/StarterContent/Particles/P_Explosion Referenced by Mesh Sheild1_GEN_VARIABLE
[2020.02.06-22.48.18:044][  0]LogLinker: Warning: Can't find file for asset '/Game/StarterContent/Particles/P_Explosion' while loading NULL.
[2020.02.06-22.48.18:044][  0]LogLinker: Warning: Can't find file '/Game/StarterContent/Particles/P_Explosion'
[2020.02.06-22.48.18:044][  0]LoadErrors: Failed to load /Game/StarterContent/Particles/P_Explosion.P_Explosion Referenced by Mesh Sheild1_GEN_VARIABLE
[2020.02.06-22.48.18:044][  0]LogLinker: Warning: Can't find file for asset '/Game/StarterContent/Particles/P_Explosion' while loading NULL.
[2020.02.06-22.48.18:179][  0]LogLinker: Warning: Can't find file '/Game/StarterContent/Particles/P_Explosion'
[2020.02.06-22.48.18:180][  0]LogLinker: Warning: Can't find file for asset '/Game/StarterContent/Particles/P_Explosion' while loading NULL.
[2020.02.06-22.48.18:180][  0]LogLinker: Warning: Can't find file '/Game/StarterContent/Particles/P_Explosion'
[2020.02.06-22.48.18:180][  0]LogLinker: Warning: Can't find file for asset '/Game/StarterContent/Particles/P_Explosion' while loading NULL.
[2020.02.06-22.48.18:438][  0]LogBlueprint: Warning: [Compiler ThirdPersonCharacter] InputAction Event references unknown Action 'Reload' for  InputAction Reload
[2020.02.06-22.48.18:438][  0]LogBlueprint: Warning: [Compiler ThirdPersonCharacter] InputAction Event references unknown Action 'Crouch' for  InputAction Crouch
[2020.02.06-22.48.18:438][  0]LogBlueprint: Warning: [Compiler ThirdPersonCharacter] InputAction Event references unknown Action 'Shoot' for  InputAction Shoot
[2020.02.06-22.48.18:438][  0]LogBlueprint: Warning: [Compiler ThirdPersonCharacter] InputAction Event references unknown Action 'Aim' for  InputAction Aim
[2020.02.06-22.48.18:583][  0]LogBlueprint: Warning: [Compiler ThirdPersonCharacter] [0014.11] Compile of ThirdPersonCharacter successful, but with 4 Warning(s) [in 337 ms] (/Game/ThirdPersonBP/Blueprints/ThirdPersonCharacter.ThirdPersonCharacter)
[2020.02.06-22.48.18:733][  0]LogProperty: Warning: Serialized Class /Script/Engine.Skeleton for a property of Class /Script/Engine.SkeletalMesh. Reference will be nullptred.
    Property = SoftObjectProperty /Script/Engine.PhysicsAsset:PreviewSkeletalMesh
    Item = Skeleton /Game/Animations/Enemy_Anim/Enemy_Skeleton.Enemy_Skeleton
[2020.02.06-22.48.19:549][  0]LogAIModule: Creating AISystem for world TestLevel
[2020.02.06-22.48.19:577][  0]LogEditorServer: Finished looking for orphan Actors (0.000 secs)
[2020.02.06-22.48.19:615][  0]LogUObjectHash: Compacting FUObjectHashTables data took   3.45ms
[2020.02.06-22.48.19:615][  0]Cmd: MAP CHECKDEP NOCLEARLOG
[2020.02.06-22.48.19:615][  0]MapCheck: Map check complete: 0 Error(s), 0 Warning(s), took 0.109ms to complete.
[2020.02.06-22.48.19:615][  0]LogFileHelpers: Loading map 'TestLevel' took 2.719
[2020.02.06-22.48.19:731][  0]LogSlate: Updating window title bar state: overlay mode, drag disabled, window buttons hidden, title bar hidden
[2020.02.06-22.48.19:737][  0]LogSlate: Updating window title bar state: overlay mode, drag disabled, window buttons hidden, title bar hidden
[2020.02.06-22.48.19:742][  0]LogSlate: Updating window title bar state: overlay mode, drag disabled, window buttons hidden, title bar hidden
[2020.02.06-22.48.19:748][  0]LogSlate: Updating window title bar state: overlay mode, drag disabled, window buttons hidden, title bar hidden
[2020.02.06-22.48.19:756][  0]LogCollectionManager: Loaded 0 collections in 0.001315 seconds
[2020.02.06-22.48.19:770][  0]LogFileCache: Scanning file cache for directory 'C:/Users/de768578/Documents/GitHub/NovasJourney/NovasJourney/Saved/Collections/' took 0.01s
[2020.02.06-22.48.19:770][  0]LogFileCache: Scanning file cache for directory 'C:/Users/de768578/Documents/GitHub/NovasJourney/NovasJourney/Content/Developers/de768578/Collections/' took 0.00s
[2020.02.06-22.48.19:770][  0]LogFileCache: Scanning file cache for directory 'C:/Users/de768578/Documents/GitHub/NovasJourney/NovasJourney/Content/Collections/' took 0.00s
[2020.02.06-22.48.19:770][  0]LogCollectionManager: Rebuilt the GUID cache for 0 collections in 0.000000 seconds
[2020.02.06-22.48.19:777][  0]LogContentBrowser: Native class hierarchy populated in 0.0064 seconds. Added 2735 classes and 661 folders.
[2020.02.06-22.48.19:781][  0]LogContentBrowser: Native class hierarchy updated for 'WidgetCarousel' in 0.0002 seconds. Added 0 classes and 0 folders.
[2020.02.06-22.48.19:786][  0]LogPakFile: Registered encryption key '00000000000000000000000000000000': 0 pak files mounted, 0 remain pending
[2020.02.06-22.48.19:791][  0]LogPakFile: Registered encryption key '00000000000000000000000000000000': 0 pak files mounted, 0 remain pending
[2020.02.06-22.48.19:803][  0]LogPakFile: Registered encryption key '00000000000000000000000000000000': 0 pak files mounted, 0 remain pending
[2020.02.06-22.48.19:807][  0]LogPakFile: Registered encryption key '00000000000000000000000000000000': 0 pak files mounted, 0 remain pending
[2020.02.06-22.48.19:810][  0]LogPakFile: Registered encryption key '00000000000000000000000000000000': 0 pak files mounted, 0 remain pending
[2020.02.06-22.48.19:814][  0]LogPakFile: Registered encryption key '00000000000000000000000000000000': 0 pak files mounted, 0 remain pending
[2020.02.06-22.48.19:818][  0]LogPakFile: Registered encryption key '00000000000000000000000000000000': 0 pak files mounted, 0 remain pending
[2020.02.06-22.48.19:821][  0]LogPakFile: Registered encryption key '00000000000000000000000000000000': 0 pak files mounted, 0 remain pending
[2020.02.06-22.48.19:825][  0]LogPakFile: Registered encryption key '00000000000000000000000000000000': 0 pak files mounted, 0 remain pending
[2020.02.06-22.48.19:829][  0]LogPakFile: Registered encryption key '00000000000000000000000000000000': 0 pak files mounted, 0 remain pending
[2020.02.06-22.48.19:832][  0]LogPakFile: Registered encryption key '00000000000000000000000000000000': 0 pak files mounted, 0 remain pending
[2020.02.06-22.48.19:836][  0]LogPakFile: Registered encryption key '00000000000000000000000000000000': 0 pak files mounted, 0 remain pending
[2020.02.06-22.48.19:840][  0]LogPakFile: Registered encryption key '00000000000000000000000000000000': 0 pak files mounted, 0 remain pending
[2020.02.06-22.48.19:843][  0]LogPakFile: Registered encryption key '00000000000000000000000000000000': 0 pak files mounted, 0 remain pending
[2020.02.06-22.48.19:846][  0]LogPakFile: Registered encryption key '00000000000000000000000000000000': 0 pak files mounted, 0 remain pending
[2020.02.06-22.48.19:850][  0]LogPakFile: Registered encryption key '00000000000000000000000000000000': 0 pak files mounted, 0 remain pending
[2020.02.06-22.48.19:871][  0]LogPakFile: Registered encryption key '00000000000000000000000000000000': 0 pak files mounted, 0 remain pending
[2020.02.06-22.48.19:875][  0]LogPakFile: Registered encryption key '00000000000000000000000000000000': 0 pak files mounted, 0 remain pending
[2020.02.06-22.48.19:878][  0]LogPakFile: Registered encryption key '00000000000000000000000000000000': 0 pak files mounted, 0 remain pending
[2020.02.06-22.48.19:882][  0]LogPakFile: Registered encryption key '00000000000000000000000000000000': 0 pak files mounted, 0 remain pending
[2020.02.06-22.48.19:886][  0]LogPakFile: Registered encryption key '00000000000000000000000000000000': 0 pak files mounted, 0 remain pending
[2020.02.06-22.48.19:889][  0]LogPakFile: Registered encryption key '00000000000000000000000000000000': 0 pak files mounted, 0 remain pending
[2020.02.06-22.48.19:892][  0]LogPakFile: Registered encryption key '00000000000000000000000000000000': 0 pak files mounted, 0 remain pending
[2020.02.06-22.48.19:895][  0]LogPakFile: Registered encryption key '00000000000000000000000000000000': 0 pak files mounted, 0 remain pending
[2020.02.06-22.48.19:899][  0]LogPakFile: Registered encryption key '00000000000000000000000000000000': 0 pak files mounted, 0 remain pending
[2020.02.06-22.48.19:903][  0]LogPakFile: Registered encryption key '00000000000000000000000000000000': 0 pak files mounted, 0 remain pending
[2020.02.06-22.48.19:906][  0]LogPakFile: Registered encryption key '00000000000000000000000000000000': 0 pak files mounted, 0 remain pending
[2020.02.06-22.48.19:910][  0]LogPakFile: Registered encryption key '00000000000000000000000000000000': 0 pak files mounted, 0 remain pending
[2020.02.06-22.48.19:997][  0]LogContentBrowser: Native class hierarchy updated for 'AddContentDialog' in 0.0003 seconds. Added 0 classes and 0 folders.
[2020.02.06-22.48.20:002][  0]LogContentBrowser: Native class hierarchy updated for 'SceneOutliner' in 0.0003 seconds. Added 1 classes and 2 folders.
[2020.02.06-22.48.20:829][  0]LogSlate: Only BGRA pngs, bmps or icos are supported in by External Image Picker
[2020.02.06-22.48.20:867][  0]LogSlate: Took 0.003682 seconds to synchronously load lazily loaded font '../../../Engine/Content/Slate/Fonts/Roboto-Regular.ttf' (155K)
[2020.02.06-22.48.20:872][  0]LogSlate: Took 0.003531 seconds to synchronously load lazily loaded font '../../../Engine/Content/Slate/Fonts/Roboto-Bold.ttf' (160K)
[2020.02.06-22.48.20:961][  0]LogRenderer: Reallocating scene render targets to support 1208x572 Format 10 NumSamples 1 (Frame:1).
[2020.02.06-22.48.21:117][  0]LogContentBrowser: Native class hierarchy updated for 'HierarchicalLODOutliner' in 0.0003 seconds. Added 0 classes and 0 folders.
[2020.02.06-22.48.21:118][  0]LogLoad: (Engine Initialization) Total time: 16.64 seconds
[2020.02.06-22.48.21:118][  0]LogLoad: (Engine Initialization) Total Blueprint compile time: 0.00 seconds
[2020.02.06-22.48.21:177][  0]LogAssetRegistry: Asset discovery search completed in 9.2673 seconds
[2020.02.06-22.48.21:179][  0]LogCollectionManager: Rebuilt the object cache for 0 collections in 0.000000 seconds (found 0 objects)
[2020.02.06-22.48.21:179][  0]LogCollectionManager: Fixed up redirectors for 0 collections in 0.000045 seconds (updated 0 objects)
[2020.02.06-22.48.21:180][  0]LogContentStreaming: Texture pool size now 1000 MB
[2020.02.06-22.48.22:156][110]LogSlate: Took 0.003744 seconds to synchronously load lazily loaded font '../../../Engine/Content/Slate/Fonts/Roboto-Light.ttf' (167K)
[2020.02.06-22.48.26:215][596]LogFileCache: Retrieving MD5 hashes for directory 'C:/Users/de768578/Documents/GitHub/NovasJourney/NovasJourney/Content/' took 5.07s
[2020.02.06-22.48.26:499][630]LogSlate: FSceneViewport::OnFocusLost() reason 0
[2020.02.06-22.48.26:504][630]LogSlate: Took 0.004016 seconds to synchronously load lazily loaded font '../../../Engine/Content/Editor/Slate/Fonts/FontAwesome.ttf' (139K)
[2020.02.06-22.48.26:518][630]LogSlate: Took 0.000121 seconds to synchronously load lazily loaded font '../../../Engine/Content/Slate/Fonts/Roboto-Light.ttf' (167K)
[2020.02.06-22.48.29:770][ 12]LogAssetEditorManager: Opening Asset editor for BlendSpace /Game/Content/Actors/Character/NovaAnimations/RunWalk.RunWalk
[2020.02.06-22.48.29:776][ 12]LogContentBrowser: Native class hierarchy updated for 'SkeletonEditor' in 0.0003 seconds. Added 1 classes and 2 folders.
[2020.02.06-22.48.29:935][ 12]LogActorComponent: RegisterComponentWithWorld: (/Engine/Transient.World_1:PersistentLevel.AnimationEditorPreviewActor_0.DebugSkelMeshComponent_0) Already registered. Aborting.
[2020.02.06-22.48.29:937][ 12]LogContentBrowser: Native class hierarchy updated for 'PinnedCommandList' in 0.0003 seconds. Added 1 classes and 0 folders.
[2020.02.06-22.48.29:977][ 12]LogSkeletalMesh: USkeletalMeshComponent::InitArticulated : Bodies already created (/Engine/Transient.World_1:PersistentLevel.AnimationEditorPreviewActor_0.DebugSkelMeshComponent_0) - call TermArticulated first.
[2020.02.06-22.48.30:198][ 12]LogAssetEditorManager: Opening Asset editor for Blueprint /Game/Content/Actors/Character/Nova2.Nova2
[2020.02.06-22.48.30:451][ 12]LogContentBrowser: Native class hierarchy updated for 'BlueprintGraph' in 0.0005 seconds. Added 121 classes and 0 folders.
[2020.02.06-22.48.31:144][ 12]LogAssetEditorManager: Opening Asset editor for Skeleton /Game/Animations/Nova_Skeleton.Nova_Skeleton
[2020.02.06-22.48.31:150][ 12]LogActorComponent: RegisterComponentWithWorld: (/Engine/Transient.World_4:PersistentLevel.AnimationEditorPreviewActor_0.DebugSkelMeshComponent_0) Already registered. Aborting.
[2020.02.06-22.48.31:176][ 12]LogSkeletalMesh: USkeletalMeshComponent::InitArticulated : Bodies already created (/Engine/Transient.World_4:PersistentLevel.AnimationEditorPreviewActor_0.DebugSkelMeshComponent_0) - call TermArticulated first.
[2020.02.06-22.48.31:351][ 12]LogAssetEditorManager: Opening Asset editor for AnimBlueprint /Game/Animations/Nova_Final_Animations.Nova_Final_Animations
[2020.02.06-22.48.31:359][ 12]LogActorComponent: RegisterComponentWithWorld: (/Engine/Transient.World_6:PersistentLevel.AnimationEditorPreviewActor_0.DebugSkelMeshComponent_0) Already registered. Aborting.
[2020.02.06-22.48.31:571][ 12]LogSkeletalMesh: USkeletalMeshComponent::InitArticulated : Bodies already created (/Engine/Transient.World_6:PersistentLevel.AnimationEditorPreviewActor_0.DebugSkelMeshComponent_0) - call TermArticulated first.
[2020.02.06-22.48.31:803][ 12]LogAssetEditorManager: Opening Asset editor for AnimBlueprint /Game/Animations/NovaAnimationBP.NovaAnimationBP
[2020.02.06-22.48.31:811][ 12]LogActorComponent: RegisterComponentWithWorld: (/Engine/Transient.World_9:PersistentLevel.AnimationEditorPreviewActor_0.DebugSkelMeshComponent_0) Already registered. Aborting.
[2020.02.06-22.48.32:016][ 12]LogSkeletalMesh: USkeletalMeshComponent::InitArticulated : Bodies already created (/Engine/Transient.World_9:PersistentLevel.AnimationEditorPreviewActor_0.DebugSkelMeshComponent_0) - call TermArticulated first.
[2020.02.06-22.48.32:300][ 12]LogSlate: Took 0.003608 seconds to synchronously load lazily loaded font '../../../Engine/Content/Slate/Fonts/Roboto-BoldCondensed.ttf' (158K)
[2020.02.06-22.48.32:400][ 12]LogContentBrowser: Verbose: The majority of assets in the view are of type: AnimSequence
[2020.02.06-22.48.32:482][ 12]LogContentBrowser: Verbose: The majority of assets in the view are of type: AnimSequence
[2020.02.06-22.48.32:503][ 13]LogSlate: Took 0.003941 seconds to synchronously load lazily loaded font '../../../Engine/Content/Slate/Fonts/Roboto-Italic.ttf' (157K)
[2020.02.06-22.48.33:634][118]LogContentBrowser: Verbose: The majority of assets in the view are of type: AnimSequence
[2020.02.06-22.48.34:916][271]LogSlate: Window 'NovaAnimationBP' being destroyed
[2020.02.06-22.48.34:920][271]LogSlate: Window 'NovaAnimationBP' being destroyed
[2020.02.06-22.51.11:836][500]BlueprintLog: New page: Compile Nova2
[2020.02.06-22.51.12:102][500]LogUObjectHash: Compacting FUObjectHashTables data took   4.50ms
[2020.02.06-22.52.08:894][171]LogSavePackage: Moving '../../../../../../Users/de768578/Documents/GitHub/NovasJourney/NovasJourney/Saved/Nova_Final_AnimationsC21FF8464E36EF0293F06C92798E0A80.tmp' to '../../../../../../Users/de768578/Documents/GitHub/NovasJourney/NovasJourney/Content/Animations/Nova_Final_Animations.uasset'
