Log file open, 01/22/20 11:02:24
LogWindows: Failed to load 'aqProf.dll' (GetLastError=126)
LogWindows: File 'aqProf.dll' does not exist
LogWindows: Failed to load 'VtuneApi.dll' (GetLastError=126)
LogWindows: File 'VtuneApi.dll' does not exist
LogWindows: Failed to load 'VtuneApi32e.dll' (GetLastError=126)
LogWindows: File 'VtuneApi32e.dll' does not exist
LogConsoleResponse: Display: Failed to find resolution value strings in scalability ini. Falling back to default.
LogInit: Display: Running engine for game: NovasJourney
LogPakFile: Registered encryption key '00000000000000000000000000000000': 0 pak files mounted, 0 remain pending
LogPlatformFile: Not using cached read wrapper
LogTaskGraph: Started task graph with 5 named threads and 23 total threads with 3 sets of task threads.
LogStats: Stats thread started at 4.702467
LogD3D11RHI: Loaded GFSDK_Aftermath_Lib.x64.dll
LogICUInternationalization: ICU TimeZone Detection - Raw Offset: -5:00, Platform Override: ''
LogPluginManager: Mounting plugin Paper2D
LogPluginManager: Mounting plugin AISupport
LogPluginManager: Mounting plugin LightPropagationVolume
LogPluginManager: Mounting plugin ActorLayerUtilities
LogPluginManager: Mounting plugin AnimationSharing
LogPluginManager: Mounting plugin CLionSourceCodeAccess
LogPluginManager: Mounting plugin CodeLiteSourceCodeAccess
LogPluginManager: Mounting plugin GitSourceControl
LogPluginManager: Mounting plugin KDevelopSourceCodeAccess
LogPluginManager: Mounting plugin NullSourceCodeAccess
LogPluginManager: Mounting plugin PerforceSourceControl
LogPluginManager: Mounting plugin SubversionSourceControl
LogPluginManager: Mounting plugin UObjectPlugin
LogPluginManager: Mounting plugin VisualStudioCodeSourceCodeAccess
LogPluginManager: Mounting plugin VisualStudioSourceCodeAccess
LogPluginManager: Mounting plugin XCodeSourceCodeAccess
LogPluginManager: Mounting plugin AssetManagerEditor
LogPluginManager: Mounting plugin CryptoKeys
LogPluginManager: Mounting plugin DataValidation
LogPluginManager: Mounting plugin FacialAnimation
LogPluginManager: Mounting plugin GameplayTagsEditor
LogPluginManager: Mounting plugin MacGraphicsSwitching
LogPluginManager: Mounting plugin MaterialAnalyzer
LogPluginManager: Mounting plugin MobileLauncherProfileWizard
LogPluginManager: Mounting plugin PluginBrowser
LogPluginManager: Mounting plugin SpeedTreeImporter
LogPluginManager: Mounting plugin DatasmithContent
LogPluginManager: Mounting plugin VariantManagerContent
LogPluginManager: Mounting plugin AlembicImporter
LogPluginManager: Mounting plugin AppleImageUtils
LogPluginManager: Mounting plugin AppleVision
LogPluginManager: Mounting plugin BackChannel
LogPluginManager: Mounting plugin CharacterAI
LogPluginManager: Mounting plugin GeometryCache
LogPluginManager: Mounting plugin HTML5Networking
LogPluginManager: Mounting plugin ProxyLODPlugin
LogPluginManager: Mounting plugin SkeletalReduction
LogPluginManager: Mounting plugin MagicLeap
LogPluginManager: Mounting plugin MagicLeapMedia
LogPluginManager: Mounting plugin AndroidMedia
LogPluginManager: Mounting plugin AvfMedia
LogPluginManager: Mounting plugin ImgMedia
LogPluginManager: Mounting plugin LinearTimecode
LogPluginManager: Mounting plugin MediaCompositing
LogPluginManager: Mounting plugin MediaPlayerEditor
LogPluginManager: Mounting plugin WebMMedia
LogPluginManager: Mounting plugin WmfMedia
LogPluginManager: Mounting plugin TcpMessaging
LogPluginManager: Mounting plugin UdpMessaging
LogPluginManager: Mounting plugin ActorSequence
LogPluginManager: Mounting plugin LevelSequenceEditor
LogPluginManager: Mounting plugin MatineeToLevelSequence
LogPluginManager: Mounting plugin NetcodeUnitTest
LogPluginManager: Mounting plugin NUTUnrealEngine4
LogPluginManager: Mounting plugin OnlineSubsystemGooglePlay
LogPluginManager: Mounting plugin OnlineSubsystemIOS
LogPluginManager: Mounting plugin OnlineSubsystem
LogPluginManager: Mounting plugin OnlineSubsystemNull
LogPluginManager: Mounting plugin OnlineSubsystemUtils
LogPluginManager: Mounting plugin LauncherChunkInstaller
LogPluginManager: Mounting plugin AndroidDeviceProfileSelector
LogPluginManager: Mounting plugin AndroidMoviePlayer
LogPluginManager: Mounting plugin AndroidPermission
LogPluginManager: Mounting plugin AppleMoviePlayer
LogPluginManager: Mounting plugin ArchVisCharacter
LogPluginManager: Mounting plugin AudioCapture
LogPluginManager: Mounting plugin CableComponent
LogPluginManager: Mounting plugin CustomMeshComponent
LogPluginManager: Mounting plugin EditableMesh
LogPluginManager: Mounting plugin ExampleDeviceProfileSelector
LogPluginManager: Mounting plugin Firebase
LogPluginManager: Mounting plugin GoogleCloudMessaging
LogPluginManager: Mounting plugin IOSDeviceProfileSelector
LogPluginManager: Mounting plugin LinuxDeviceProfileSelector
LogPluginManager: Mounting plugin LocationServicesBPLibrary
LogPluginManager: Mounting plugin MobilePatchingUtils
LogPluginManager: Mounting plugin OculusVR
LogPluginManager: Mounting plugin PhysXVehicles
LogPluginManager: Mounting plugin ProceduralMeshComponent
LogPluginManager: Mounting plugin RuntimePhysXCooking
LogPluginManager: Mounting plugin SignificanceManager
LogPluginManager: Mounting plugin SteamVR
LogPluginManager: Mounting plugin WebMMoviePlayer
LogPluginManager: Mounting plugin WindowsMoviePlayer
LogInit: Warning: Incompatible or missing module: NovasJourney
Running C:/Program Files/Epic Games/UE_4.22/Engine/Binaries/DotNET/UnrealBuildTool.exe Development Win64 -Project="C:/Users/dewil/Documents/GitHub/NovasJourney/NovasJourney/NovasJourney.uproject" -TargetType=Editor -Progress -NoHotReloadFromIDE
Using 'git status' to determine working set for adaptive non-unity build (C:\Users\dewil\Documents\GitHub\NovasJourney).
Creating makefile for NovasJourneyEditor (.uproject file is newer)
@progress push 5%
Parsing headers for NovasJourneyEditor
  Running UnrealHeaderTool "C:\Users\dewil\Documents\GitHub\NovasJourney\NovasJourney\NovasJourney.uproject" "C:\Users\dewil\Documents\GitHub\NovasJourney\NovasJourney\Intermediate\Build\Win64\NovasJourneyEditor\Development\NovasJourneyEditor.uhtmanifest" -LogCmds="loginit warning, logexit warning, logdatabase error" -Unattended -WarningsAsErrors -installed
Reflection code generated for NovasJourneyEditor in 44.4080475 seconds
@progress pop
Using Visual Studio 2019 14.23.28105 toolchain (C:\Program Files (x86)\Microsoft Visual Studio\2019\Community\VC\Tools\MSVC\14.23.28105) and Windows 10.0.18362.0 SDK (C:\Program Files (x86)\Windows Kits\10).
Building 12 actions with 8 processes...
  @progress 'Compiling C++ source code...' 0%
  @progress 'Compiling C++ source code...' 8%
  [1/12] SharedPCH.Engine.cpp
  @progress 'Compiling C++ source code...' 17%
  [2/12] NovasJourney.init.gen.cpp
  @progress 'Compiling C++ source code...' 25%
  [3/12] NovasJourneyGameModeBase.cpp
  @progress 'Compiling C++ source code...' 33%
  [4/12] NovasJourney.cpp
  @progress 'Compiling C++ source code...' 42%
  [5/12] Abilities.cpp
  @progress 'Compiling C++ source code...' 50%
  [6/12] Abilities.gen.cpp
  @progress 'Compiling C++ source code...' 58%
  [7/12] NovasJourneyGameModeBase.gen.cpp
  @progress 'Compiling C++ source code...' 67%
  [8/12] Nova.gen.cpp
  @progress 'Compiling C++ source code...' 75%
  [9/12] Nova.cpp
  @progress 'Compiling C++ source code...' 83%
  [10/12] UE4Editor-NovasJourney.lib
     Creating library C:\Users\dewil\Documents\GitHub\NovasJourney\NovasJourney\Intermediate\Build\Win64\UE4Editor\Development\NovasJourney\UE4Editor-NovasJourney.lib and object C:\Users\dewil\Documents\GitHub\NovasJourney\NovasJourney\Intermediate\Build\Win64\UE4Editor\Development\NovasJourney\UE4Editor-NovasJourney.exp
  @progress 'Compiling C++ source code...' 92%
  [11/12] UE4Editor-NovasJourney.dll
     Creating library C:\Users\dewil\Documents\GitHub\NovasJourney\NovasJourney\Intermediate\Build\Win64\UE4Editor\Development\NovasJourney\UE4Editor-NovasJourney.suppressed.lib and object C:\Users\dewil\Documents\GitHub\NovasJourney\NovasJourney\Intermediate\Build\Win64\UE4Editor\Development\NovasJourney\UE4Editor-NovasJourney.suppressed.exp
  @progress 'Compiling C++ source code...' 100%
  [12/12] NovasJourneyEditor.target
Total time in Parallel executor: 78.66 seconds
Total execution time: 152.65 seconds
LogInit: Using libcurl 7.55.1-DEV
LogInit:  - built for x86_64-pc-win32
LogInit:  - supports SSL with OpenSSL/1.1.1
LogInit:  - supports HTTP deflate (compression) using libz 1.2.8
LogInit:  - other features:
LogInit:      CURL_VERSION_SSL
LogInit:      CURL_VERSION_LIBZ
LogInit:      CURL_VERSION_IPV6
LogInit:      CURL_VERSION_ASYNCHDNS
LogInit:      CURL_VERSION_LARGEFILE
LogInit:      CURL_VERSION_IDN
LogInit:  CurlRequestOptions (configurable via config and command line):
LogInit:  - bVerifyPeer = true  - Libcurl will verify peer certificate
LogInit:  - bUseHttpProxy = false  - Libcurl will NOT use HTTP proxy
LogInit:  - bDontReuseConnections = false  - Libcurl will reuse connections
LogInit:  - MaxHostConnections = 16  - Libcurl will limit the number of connections to a host
LogInit:  - LocalHostAddr = Default
LogInit:  - BufferSize = 65536
LogInit: WinSock: version 1.1 (2.2), MaxSocks=32767, MaxUdp=65467
LogInit: Build: ++UE4+Release-4.22-CL-7053642
LogInit: Engine Version: 4.22.3-7053642+++UE4+Release-4.22
LogInit: Compatible Engine Version: 4.22.0-5660361+++UE4+Release-4.22
LogInit: Net CL: 5660361
LogInit: OS: Windows 10 (Release 1903) (), CPU: Intel(R) Core(TM) i7-8550U CPU @ 1.80GHz, GPU: Intel(R) UHD Graphics 620
LogInit: Compiled (64-bit): Jun 18 2019 03:09:11
LogInit: Compiled with Visual C++: 19.16.27025.01
LogInit: Build Configuration: Development
LogInit: Branch Name: ++UE4+Release-4.22
LogInit: Command Line: 
LogInit: Base Directory: C:/Program Files/Epic Games/UE_4.22/Engine/Binaries/Win64/
LogInit: Installed Engine Build: 1
LogDevObjectVersion: Number of dev versions registered: 23
LogDevObjectVersion:   Dev-Blueprints (B0D832E4-1F89-4F0D-ACCF-7EB736FD4AA2): 10
LogDevObjectVersion:   Dev-Build (E1C64328-A22C-4D53-A36C-8E866417BD8C): 0
LogDevObjectVersion:   Dev-Core (375EC13C-06E4-48FB-B500-84F0262A717E): 3
LogDevObjectVersion:   Dev-Editor (E4B068ED-F494-42E9-A231-DA0B2E46BB41): 30
LogDevObjectVersion:   Dev-Framework (CFFC743F-43B0-4480-9391-14DF171D2073): 35
LogDevObjectVersion:   Dev-Mobile (B02B49B5-BB20-44E9-A304-32B752E40360): 2
LogDevObjectVersion:   Dev-Networking (A4E4105C-59A1-49B5-A7C5-40C4547EDFEE): 0
LogDevObjectVersion:   Dev-Online (39C831C9-5AE6-47DC-9A44-9C173E1C8E7C): 0
LogDevObjectVersion:   Dev-Physics (78F01B33-EBEA-4F98-B9B4-84EACCB95AA2): 0
LogDevObjectVersion:   Dev-Platform (6631380F-2D4D-43E0-8009-CF276956A95A): 0
LogDevObjectVersion:   Dev-Rendering (12F88B9F-8875-4AFC-A67C-D90C383ABD29): 28
LogDevObjectVersion:   Dev-Sequencer (7B5AE74C-D270-4C10-A958-57980B212A5A): 11
LogDevObjectVersion:   Dev-VR (D7296918-1DD6-4BDD-9DE2-64A83CC13884): 2
LogDevObjectVersion:   Dev-LoadTimes (C2A15278-BFE7-4AFE-6C17-90FF531DF755): 1
LogDevObjectVersion:   Private-Geometry (6EACA3D4-40EC-4CC1-B786-8BED09428FC5): 3
LogDevObjectVersion:   Dev-AnimPhys (29E575DD-E0A3-4627-9D10-D276232CDCEA): 17
LogDevObjectVersion:   Dev-Anim (AF43A65D-7FD3-4947-9873-3E8ED9C1BB05): 2
LogDevObjectVersion:   Dev-ReflectionCapture (6B266CEC-1EC7-4B8F-A30B-E4D90942FC07): 1
LogDevObjectVersion:   Dev-Automation (0DF73D61-A23F-47EA-B727-89E90C41499A): 1
LogDevObjectVersion:   FortniteMain (601D1886-AC64-4F84-AA16-D3DE0DEAC7D6): 25
LogDevObjectVersion:   Dev-Enterprise (9DFFBCD6-494F-0158-E221-12823C92A888): 6
LogDevObjectVersion:   Dev-Niagara (F2AED0AC-9AFE-416F-8664-AA7FFA26D6FC): 1
LogDevObjectVersion:   Dev-Destruction (174F1F0B-B4C6-45A5-B13F-2EE8D0FB917D): 2
LogInit: Presizing for max 16777216 objects, including 0 objects not considered by GC, pre-allocating 0 bytes for permanent pool.
LogInit: Object subsystem initialized
LogConfig: Setting CVar [[con.DebugEarlyDefault:1]]
LogConfig: Setting CVar [[r.setres:1280x720]]
[2020.01.22-16.05.08:569][  0]LogConfig: Setting CVar [[r.VSync:0]]
[2020.01.22-16.05.08:569][  0]LogConfig: Setting CVar [[r.RHICmdBypass:0]]
[2020.01.22-16.05.08:577][  0]LogConfig: Applying CVar settings from Section [/Script/Engine.RendererSettings] File [C:/Users/dewil/Documents/GitHub/NovasJourney/NovasJourney/Saved/Config/Windows/Engine.ini]
[2020.01.22-16.05.08:577][  0]LogConfig: Setting CVar [[r.GPUCrashDebugging:0]]
[2020.01.22-16.05.08:577][  0]LogConfig: Setting CVar [[r.DefaultFeature.AutoExposure.ExtendDefaultLuminanceRange:1]]
[2020.01.22-16.05.08:577][  0]LogConfig: Applying CVar settings from Section [/Script/Engine.RendererOverrideSettings] File [C:/Users/dewil/Documents/GitHub/NovasJourney/NovasJourney/Saved/Config/Windows/Engine.ini]
[2020.01.22-16.05.08:577][  0]LogConfig: Applying CVar settings from Section [/Script/Engine.StreamingSettings] File [C:/Users/dewil/Documents/GitHub/NovasJourney/NovasJourney/Saved/Config/Windows/Engine.ini]
[2020.01.22-16.05.08:577][  0]LogConfig: Setting CVar [[s.MinBulkDataSizeForAsyncLoading:131072]]
[2020.01.22-16.05.08:577][  0]LogConfig: Setting CVar [[s.AsyncLoadingThreadEnabled:0]]
[2020.01.22-16.05.08:577][  0]LogConfig: Setting CVar [[s.EventDrivenLoaderEnabled:1]]
[2020.01.22-16.05.08:577][  0]LogConfig: Setting CVar [[s.WarnIfTimeLimitExceeded:0]]
[2020.01.22-16.05.08:577][  0]LogConfig: Setting CVar [[s.TimeLimitExceededMultiplier:1.5]]
[2020.01.22-16.05.08:577][  0]LogConfig: Setting CVar [[s.TimeLimitExceededMinTime:0.005]]
[2020.01.22-16.05.08:577][  0]LogConfig: Setting CVar [[s.UseBackgroundLevelStreaming:1]]
[2020.01.22-16.05.08:577][  0]LogConfig: Setting CVar [[s.PriorityAsyncLoadingExtraTime:15.0]]
[2020.01.22-16.05.08:577][  0]LogConfig: Setting CVar [[s.LevelStreamingActorsUpdateTimeLimit:5.0]]
[2020.01.22-16.05.08:577][  0]LogConfig: Setting CVar [[s.PriorityLevelStreamingActorsUpdateExtraTime:5.0]]
[2020.01.22-16.05.08:577][  0]LogConfig: Setting CVar [[s.LevelStreamingComponentsRegistrationGranularity:10]]
[2020.01.22-16.05.08:577][  0]LogConfig: Setting CVar [[s.UnregisterComponentsTimeLimit:1.0]]
[2020.01.22-16.05.08:577][  0]LogConfig: Setting CVar [[s.LevelStreamingComponentsUnregistrationGranularity:5]]
[2020.01.22-16.05.08:577][  0]LogConfig: Applying CVar settings from Section [/Script/Engine.GarbageCollectionSettings] File [C:/Users/dewil/Documents/GitHub/NovasJourney/NovasJourney/Saved/Config/Windows/Engine.ini]
[2020.01.22-16.05.08:577][  0]LogConfig: Setting CVar [[gc.MaxObjectsNotConsideredByGC:1]]
[2020.01.22-16.05.08:577][  0]LogConfig: Setting CVar [[gc.SizeOfPermanentObjectPool:0]]
[2020.01.22-16.05.08:577][  0]LogConfig: Setting CVar [[gc.FlushStreamingOnGC:0]]
[2020.01.22-16.05.08:577][  0]LogConfig: Setting CVar [[gc.NumRetriesBeforeForcingGC:10]]
[2020.01.22-16.05.08:577][  0]LogConfig: Setting CVar [[gc.AllowParallelGC:1]]
[2020.01.22-16.05.08:577][  0]LogConfig: Setting CVar [[gc.TimeBetweenPurgingPendingKillObjects:61.1]]
[2020.01.22-16.05.08:577][  0]LogConfig: Setting CVar [[gc.MaxObjectsInEditor:16777216]]
[2020.01.22-16.05.08:577][  0]LogConfig: Setting CVar [[gc.IncrementalBeginDestroyEnabled:1]]
[2020.01.22-16.05.08:577][  0]LogConfig: Setting CVar [[gc.CreateGCClusters:1]]
[2020.01.22-16.05.08:577][  0]LogConfig: Setting CVar [[gc.MinGCClusterSize:5]]
[2020.01.22-16.05.08:577][  0]LogConfig: Setting CVar [[gc.ActorClusteringEnabled:0]]
[2020.01.22-16.05.08:577][  0]LogConfig: Setting CVar [[gc.BlueprintClusteringEnabled:0]]
[2020.01.22-16.05.08:577][  0]LogConfig: Setting CVar [[gc.UseDisregardForGCOnDedicatedServers:0]]
[2020.01.22-16.05.08:577][  0]LogConfig: Applying CVar settings from Section [/Script/Engine.NetworkSettings] File [C:/Users/dewil/Documents/GitHub/NovasJourney/NovasJourney/Saved/Config/Windows/Engine.ini]
[2020.01.22-16.05.08:577][  0]LogConfig: Applying CVar settings from Section [/Script/UnrealEd.CookerSettings] File [C:/Users/dewil/Documents/GitHub/NovasJourney/NovasJourney/Saved/Config/Windows/Engine.ini]
[2020.01.22-16.05.08:732][  0]LogConfig: Applying CVar settings from Section [ViewDistanceQuality@3] File [C:/Users/dewil/Documents/GitHub/NovasJourney/NovasJourney/Saved/Config/Windows/Scalability.ini]
[2020.01.22-16.05.08:732][  0]LogConfig: Setting CVar [[r.SkeletalMeshLODBias:0]]
[2020.01.22-16.05.08:732][  0]LogConfig: Setting CVar [[r.ViewDistanceScale:1.0]]
[2020.01.22-16.05.08:732][  0]LogConfig: Applying CVar settings from Section [AntiAliasingQuality@3] File [C:/Users/dewil/Documents/GitHub/NovasJourney/NovasJourney/Saved/Config/Windows/Scalability.ini]
[2020.01.22-16.05.08:732][  0]LogConfig: Setting CVar [[r.PostProcessAAQuality:4]]
[2020.01.22-16.05.08:732][  0]LogConfig: Applying CVar settings from Section [ShadowQuality@3] File [C:/Users/dewil/Documents/GitHub/NovasJourney/NovasJourney/Saved/Config/Windows/Scalability.ini]
[2020.01.22-16.05.08:732][  0]LogConfig: Setting CVar [[r.LightFunctionQuality:1]]
[2020.01.22-16.05.08:733][  0]LogConfig: Setting CVar [[r.ShadowQuality:5]]
[2020.01.22-16.05.08:733][  0]LogConfig: Setting CVar [[r.Shadow.CSM.MaxCascades:10]]
[2020.01.22-16.05.08:733][  0]LogConfig: Setting CVar [[r.Shadow.MaxResolution:2048]]
[2020.01.22-16.05.08:733][  0]LogConfig: Setting CVar [[r.Shadow.MaxCSMResolution:2048]]
[2020.01.22-16.05.08:733][  0]LogConfig: Setting CVar [[r.Shadow.RadiusThreshold:0.01]]
[2020.01.22-16.05.08:733][  0]LogConfig: Setting CVar [[r.Shadow.DistanceScale:1.0]]
[2020.01.22-16.05.08:733][  0]LogConfig: Setting CVar [[r.Shadow.CSM.TransitionScale:1.0]]
[2020.01.22-16.05.08:733][  0]LogConfig: Setting CVar [[r.Shadow.PreShadowResolutionFactor:1.0]]
[2020.01.22-16.05.08:733][  0]LogConfig: Setting CVar [[r.DistanceFieldShadowing:1]]
[2020.01.22-16.05.08:733][  0]LogConfig: Setting CVar [[r.DistanceFieldAO:1]]
[2020.01.22-16.05.08:733][  0]LogConfig: Setting CVar [[r.AOQuality:2]]
[2020.01.22-16.05.08:733][  0]LogConfig: Setting CVar [[r.VolumetricFog:1]]
[2020.01.22-16.05.08:733][  0]LogConfig: Setting CVar [[r.VolumetricFog.GridPixelSize:8]]
[2020.01.22-16.05.08:733][  0]LogConfig: Setting CVar [[r.VolumetricFog.GridSizeZ:128]]
[2020.01.22-16.05.08:733][  0]LogConfig: Setting CVar [[r.VolumetricFog.HistoryMissSupersampleCount:4]]
[2020.01.22-16.05.08:733][  0]LogConfig: Setting CVar [[r.LightMaxDrawDistanceScale:1]]
[2020.01.22-16.05.08:733][  0]LogConfig: Setting CVar [[r.CapsuleShadows:1]]
[2020.01.22-16.05.08:733][  0]LogConfig: Applying CVar settings from Section [PostProcessQuality@3] File [C:/Users/dewil/Documents/GitHub/NovasJourney/NovasJourney/Saved/Config/Windows/Scalability.ini]
[2020.01.22-16.05.08:733][  0]LogConfig: Setting CVar [[r.MotionBlurQuality:4]]
[2020.01.22-16.05.08:733][  0]LogConfig: Setting CVar [[r.AmbientOcclusionMipLevelFactor:0.4]]
[2020.01.22-16.05.08:733][  0]LogConfig: Setting CVar [[r.AmbientOcclusionMaxQuality:100]]
[2020.01.22-16.05.08:733][  0]LogConfig: Setting CVar [[r.AmbientOcclusionLevels:-1]]
[2020.01.22-16.05.08:733][  0]LogConfig: Setting CVar [[r.AmbientOcclusionRadiusScale:1.0]]
[2020.01.22-16.05.08:733][  0]LogConfig: Setting CVar [[r.DepthOfFieldQuality:2]]
[2020.01.22-16.05.08:733][  0]LogConfig: Setting CVar [[r.RenderTargetPoolMin:400]]
[2020.01.22-16.05.08:733][  0]LogConfig: Setting CVar [[r.LensFlareQuality:2]]
[2020.01.22-16.05.08:733][  0]LogConfig: Setting CVar [[r.SceneColorFringeQuality:1]]
[2020.01.22-16.05.08:733][  0]LogConfig: Setting CVar [[r.EyeAdaptationQuality:2]]
[2020.01.22-16.05.08:733][  0]LogConfig: Setting CVar [[r.BloomQuality:5]]
[2020.01.22-16.05.08:733][  0]LogConfig: Setting CVar [[r.FastBlurThreshold:100]]
[2020.01.22-16.05.08:733][  0]LogConfig: Setting CVar [[r.Upscale.Quality:3]]
[2020.01.22-16.05.08:733][  0]LogConfig: Setting CVar [[r.Tonemapper.GrainQuantization:1]]
[2020.01.22-16.05.08:733][  0]LogConfig: Setting CVar [[r.LightShaftQuality:1]]
[2020.01.22-16.05.08:733][  0]LogConfig: Setting CVar [[r.Filter.SizeScale:1]]
[2020.01.22-16.05.08:733][  0]LogConfig: Setting CVar [[r.Tonemapper.Quality:5]]
[2020.01.22-16.05.08:733][  0]LogConfig: Setting CVar [[r.DOF.Gather.AccumulatorQuality:1        ; higher gathering accumulator quality]]
[2020.01.22-16.05.08:733][  0]LogConfig: Setting CVar [[r.DOF.Gather.PostfilterMethod:1          ; Median3x3 postfilering method]]
[2020.01.22-16.05.08:733][  0]LogConfig: Setting CVar [[r.DOF.Gather.EnableBokehSettings:0       ; no bokeh simulation when gathering]]
[2020.01.22-16.05.08:733][  0]LogConfig: Setting CVar [[r.DOF.Gather.RingCount:4                 ; medium number of samples when gathering]]
[2020.01.22-16.05.08:733][  0]LogConfig: Setting CVar [[r.DOF.Scatter.ForegroundCompositing:1    ; additive foreground scattering]]
[2020.01.22-16.05.08:733][  0]LogConfig: Setting CVar [[r.DOF.Scatter.BackgroundCompositing:2    ; additive background scattering]]
[2020.01.22-16.05.08:733][  0]LogConfig: Setting CVar [[r.DOF.Scatter.EnableBokehSettings:1      ; bokeh simulation when scattering]]
[2020.01.22-16.05.08:733][  0]LogConfig: Setting CVar [[r.DOF.Scatter.MaxSpriteRatio:0.1         ; only a maximum of 10% of scattered bokeh]]
[2020.01.22-16.05.08:733][  0]LogConfig: Setting CVar [[r.DOF.Recombine.Quality:1                ; cheap slight out of focus]]
[2020.01.22-16.05.08:733][  0]LogConfig: Setting CVar [[r.DOF.Recombine.EnableBokehSettings:0    ; no bokeh simulation on slight out of focus]]
[2020.01.22-16.05.08:733][  0]LogConfig: Setting CVar [[r.DOF.TemporalAAQuality:1                ; more stable temporal accumulation]]
[2020.01.22-16.05.08:733][  0]LogConfig: Setting CVar [[r.DOF.Kernel.MaxForegroundRadius:0.025]]
[2020.01.22-16.05.08:733][  0]LogConfig: Setting CVar [[r.DOF.Kernel.MaxBackgroundRadius:0.025]]
[2020.01.22-16.05.08:733][  0]LogConfig: Applying CVar settings from Section [TextureQuality@3] File [C:/Users/dewil/Documents/GitHub/NovasJourney/NovasJourney/Saved/Config/Windows/Scalability.ini]
[2020.01.22-16.05.08:733][  0]LogConfig: Setting CVar [[r.Streaming.MipBias:0]]
[2020.01.22-16.05.08:733][  0]LogConfig: Setting CVar [[r.Streaming.AmortizeCPUToGPUCopy:0]]
[2020.01.22-16.05.08:733][  0]LogConfig: Setting CVar [[r.Streaming.MaxNumTexturesToStreamPerFrame:0]]
[2020.01.22-16.05.08:733][  0]LogConfig: Setting CVar [[r.Streaming.Boost:1]]
[2020.01.22-16.05.08:733][  0]LogConfig: Setting CVar [[r.MaxAnisotropy:8]]
[2020.01.22-16.05.08:733][  0]LogConfig: Setting CVar [[r.Streaming.LimitPoolSizeToVRAM:0]]
[2020.01.22-16.05.08:733][  0]LogConfig: Setting CVar [[r.Streaming.PoolSize:1000]]
[2020.01.22-16.05.08:733][  0]LogConfig: Setting CVar [[r.Streaming.MaxEffectiveScreenSize:0]]
[2020.01.22-16.05.08:733][  0]LogConfig: Applying CVar settings from Section [EffectsQuality@3] File [C:/Users/dewil/Documents/GitHub/NovasJourney/NovasJourney/Saved/Config/Windows/Scalability.ini]
[2020.01.22-16.05.08:733][  0]LogConfig: Setting CVar [[r.TranslucencyLightingVolumeDim:64]]
[2020.01.22-16.05.08:733][  0]LogConfig: Setting CVar [[r.RefractionQuality:2]]
[2020.01.22-16.05.08:733][  0]LogConfig: Setting CVar [[r.SSR.Quality:3]]
[2020.01.22-16.05.08:733][  0]LogConfig: Setting CVar [[r.SceneColorFormat:4]]
[2020.01.22-16.05.08:733][  0]LogConfig: Setting CVar [[r.DetailMode:2]]
[2020.01.22-16.05.08:733][  0]LogConfig: Setting CVar [[r.TranslucencyVolumeBlur:1]]
[2020.01.22-16.05.08:733][  0]LogConfig: Setting CVar [[r.MaterialQualityLevel:1 ; High quality]]
[2020.01.22-16.05.08:733][  0]LogConfig: Setting CVar [[r.SSS.Scale:1]]
[2020.01.22-16.05.08:733][  0]LogConfig: Setting CVar [[r.SSS.SampleSet:2]]
[2020.01.22-16.05.08:733][  0]LogConfig: Setting CVar [[r.SSS.Quality:1]]
[2020.01.22-16.05.08:733][  0]LogConfig: Setting CVar [[r.SSS.HalfRes:1]]
[2020.01.22-16.05.08:733][  0]LogConfig: Setting CVar [[r.EmitterSpawnRateScale:1.0]]
[2020.01.22-16.05.08:733][  0]LogConfig: Setting CVar [[r.ParticleLightQuality:2]]
[2020.01.22-16.05.08:734][  0]LogConfig: Applying CVar settings from Section [FoliageQuality@3] File [C:/Users/dewil/Documents/GitHub/NovasJourney/NovasJourney/Saved/Config/Windows/Scalability.ini]
[2020.01.22-16.05.08:734][  0]LogConfig: Setting CVar [[foliage.DensityScale:1.0]]
[2020.01.22-16.05.08:734][  0]LogConfig: Setting CVar [[grass.DensityScale:1.0]]
[2020.01.22-16.05.08:744][  0]LogInit: Selected Device Profile: [Windows]
[2020.01.22-16.05.08:744][  0]LogInit: Applying CVar settings loaded from the selected device profile: [Windows]
[2020.01.22-16.05.08:909][  0]LogHAL: Display: Platform has ~ 12 GB [12777775104 / 17179869184 / 12], which maps to Larger [LargestMinGB=32, LargerMinGB=12, DefaultMinGB=8, SmallerMinGB=6, SmallestMinGB=0)
[2020.01.22-16.05.08:912][  0]LogConfig: Setting CVar [[r.Vulkan.UseRealUBs:0		; Required until we fix HLR fall-out]]
[2020.01.22-16.05.08:913][  0]LogInit: Going up to parent DeviceProfile []
[2020.01.22-16.05.08:914][  0]LogConfig: Applying CVar settings from Section [ViewDistanceQuality@3] File [C:/Users/dewil/Documents/GitHub/NovasJourney/NovasJourney/Saved/Config/Windows/Scalability.ini]
[2020.01.22-16.05.08:914][  0]LogConfig: Setting CVar [[r.SkeletalMeshLODBias:0]]
[2020.01.22-16.05.08:914][  0]LogConfig: Setting CVar [[r.ViewDistanceScale:1.0]]
[2020.01.22-16.05.08:914][  0]LogConfig: Applying CVar settings from Section [AntiAliasingQuality@3] File [C:/Users/dewil/Documents/GitHub/NovasJourney/NovasJourney/Saved/Config/Windows/Scalability.ini]
[2020.01.22-16.05.08:914][  0]LogConfig: Setting CVar [[r.PostProcessAAQuality:4]]
[2020.01.22-16.05.08:914][  0]LogConfig: Applying CVar settings from Section [ShadowQuality@3] File [C:/Users/dewil/Documents/GitHub/NovasJourney/NovasJourney/Saved/Config/Windows/Scalability.ini]
[2020.01.22-16.05.08:914][  0]LogConfig: Setting CVar [[r.LightFunctionQuality:1]]
[2020.01.22-16.05.08:914][  0]LogConfig: Setting CVar [[r.ShadowQuality:5]]
[2020.01.22-16.05.08:914][  0]LogConfig: Setting CVar [[r.Shadow.CSM.MaxCascades:10]]
[2020.01.22-16.05.08:914][  0]LogConfig: Setting CVar [[r.Shadow.MaxResolution:2048]]
[2020.01.22-16.05.08:914][  0]LogConfig: Setting CVar [[r.Shadow.MaxCSMResolution:2048]]
[2020.01.22-16.05.08:914][  0]LogConfig: Setting CVar [[r.Shadow.RadiusThreshold:0.01]]
[2020.01.22-16.05.08:914][  0]LogConfig: Setting CVar [[r.Shadow.DistanceScale:1.0]]
[2020.01.22-16.05.08:914][  0]LogConfig: Setting CVar [[r.Shadow.CSM.TransitionScale:1.0]]
[2020.01.22-16.05.08:914][  0]LogConfig: Setting CVar [[r.Shadow.PreShadowResolutionFactor:1.0]]
[2020.01.22-16.05.08:914][  0]LogConfig: Setting CVar [[r.DistanceFieldShadowing:1]]
[2020.01.22-16.05.08:914][  0]LogConfig: Setting CVar [[r.DistanceFieldAO:1]]
[2020.01.22-16.05.08:914][  0]LogConfig: Setting CVar [[r.AOQuality:2]]
[2020.01.22-16.05.08:914][  0]LogConfig: Setting CVar [[r.VolumetricFog:1]]
[2020.01.22-16.05.08:914][  0]LogConfig: Setting CVar [[r.VolumetricFog.GridPixelSize:8]]
[2020.01.22-16.05.08:914][  0]LogConfig: Setting CVar [[r.VolumetricFog.GridSizeZ:128]]
[2020.01.22-16.05.08:914][  0]LogConfig: Setting CVar [[r.VolumetricFog.HistoryMissSupersampleCount:4]]
[2020.01.22-16.05.08:914][  0]LogConfig: Setting CVar [[r.LightMaxDrawDistanceScale:1]]
[2020.01.22-16.05.08:914][  0]LogConfig: Setting CVar [[r.CapsuleShadows:1]]
[2020.01.22-16.05.08:914][  0]LogConfig: Applying CVar settings from Section [PostProcessQuality@3] File [C:/Users/dewil/Documents/GitHub/NovasJourney/NovasJourney/Saved/Config/Windows/Scalability.ini]
[2020.01.22-16.05.08:914][  0]LogConfig: Setting CVar [[r.MotionBlurQuality:4]]
[2020.01.22-16.05.08:914][  0]LogConfig: Setting CVar [[r.AmbientOcclusionMipLevelFactor:0.4]]
[2020.01.22-16.05.08:914][  0]LogConfig: Setting CVar [[r.AmbientOcclusionMaxQuality:100]]
[2020.01.22-16.05.08:915][  0]LogConfig: Setting CVar [[r.AmbientOcclusionLevels:-1]]
[2020.01.22-16.05.08:915][  0]LogConfig: Setting CVar [[r.AmbientOcclusionRadiusScale:1.0]]
[2020.01.22-16.05.08:915][  0]LogConfig: Setting CVar [[r.DepthOfFieldQuality:2]]
[2020.01.22-16.05.08:915][  0]LogConfig: Setting CVar [[r.RenderTargetPoolMin:400]]
[2020.01.22-16.05.08:915][  0]LogConfig: Setting CVar [[r.LensFlareQuality:2]]
[2020.01.22-16.05.08:915][  0]LogConfig: Setting CVar [[r.SceneColorFringeQuality:1]]
[2020.01.22-16.05.08:915][  0]LogConfig: Setting CVar [[r.EyeAdaptationQuality:2]]
[2020.01.22-16.05.08:915][  0]LogConfig: Setting CVar [[r.BloomQuality:5]]
[2020.01.22-16.05.08:915][  0]LogConfig: Setting CVar [[r.FastBlurThreshold:100]]
[2020.01.22-16.05.08:915][  0]LogConfig: Setting CVar [[r.Upscale.Quality:3]]
[2020.01.22-16.05.08:915][  0]LogConfig: Setting CVar [[r.Tonemapper.GrainQuantization:1]]
[2020.01.22-16.05.08:915][  0]LogConfig: Setting CVar [[r.LightShaftQuality:1]]
[2020.01.22-16.05.08:915][  0]LogConfig: Setting CVar [[r.Filter.SizeScale:1]]
[2020.01.22-16.05.08:915][  0]LogConfig: Setting CVar [[r.Tonemapper.Quality:5]]
[2020.01.22-16.05.08:915][  0]LogConfig: Setting CVar [[r.DOF.Gather.AccumulatorQuality:1        ; higher gathering accumulator quality]]
[2020.01.22-16.05.08:915][  0]LogConfig: Setting CVar [[r.DOF.Gather.PostfilterMethod:1          ; Median3x3 postfilering method]]
[2020.01.22-16.05.08:915][  0]LogConfig: Setting CVar [[r.DOF.Gather.EnableBokehSettings:0       ; no bokeh simulation when gathering]]
[2020.01.22-16.05.08:915][  0]LogConfig: Setting CVar [[r.DOF.Gather.RingCount:4                 ; medium number of samples when gathering]]
[2020.01.22-16.05.08:915][  0]LogConfig: Setting CVar [[r.DOF.Scatter.ForegroundCompositing:1    ; additive foreground scattering]]
[2020.01.22-16.05.08:915][  0]LogConfig: Setting CVar [[r.DOF.Scatter.BackgroundCompositing:2    ; additive background scattering]]
[2020.01.22-16.05.08:915][  0]LogConfig: Setting CVar [[r.DOF.Scatter.EnableBokehSettings:1      ; bokeh simulation when scattering]]
[2020.01.22-16.05.08:915][  0]LogConfig: Setting CVar [[r.DOF.Scatter.MaxSpriteRatio:0.1         ; only a maximum of 10% of scattered bokeh]]
[2020.01.22-16.05.08:915][  0]LogConfig: Setting CVar [[r.DOF.Recombine.Quality:1                ; cheap slight out of focus]]
[2020.01.22-16.05.08:915][  0]LogConfig: Setting CVar [[r.DOF.Recombine.EnableBokehSettings:0    ; no bokeh simulation on slight out of focus]]
[2020.01.22-16.05.08:915][  0]LogConfig: Setting CVar [[r.DOF.TemporalAAQuality:1                ; more stable temporal accumulation]]
[2020.01.22-16.05.08:915][  0]LogConfig: Setting CVar [[r.DOF.Kernel.MaxForegroundRadius:0.025]]
[2020.01.22-16.05.08:915][  0]LogConfig: Setting CVar [[r.DOF.Kernel.MaxBackgroundRadius:0.025]]
[2020.01.22-16.05.08:915][  0]LogConfig: Applying CVar settings from Section [TextureQuality@3] File [C:/Users/dewil/Documents/GitHub/NovasJourney/NovasJourney/Saved/Config/Windows/Scalability.ini]
[2020.01.22-16.05.08:915][  0]LogConfig: Setting CVar [[r.Streaming.MipBias:0]]
[2020.01.22-16.05.08:915][  0]LogConfig: Setting CVar [[r.Streaming.AmortizeCPUToGPUCopy:0]]
[2020.01.22-16.05.08:915][  0]LogConfig: Setting CVar [[r.Streaming.MaxNumTexturesToStreamPerFrame:0]]
[2020.01.22-16.05.08:915][  0]LogConfig: Setting CVar [[r.Streaming.Boost:1]]
[2020.01.22-16.05.08:915][  0]LogConfig: Setting CVar [[r.MaxAnisotropy:8]]
[2020.01.22-16.05.08:915][  0]LogConfig: Setting CVar [[r.Streaming.LimitPoolSizeToVRAM:0]]
[2020.01.22-16.05.08:915][  0]LogConfig: Setting CVar [[r.Streaming.PoolSize:1000]]
[2020.01.22-16.05.08:915][  0]LogConfig: Setting CVar [[r.Streaming.MaxEffectiveScreenSize:0]]
[2020.01.22-16.05.08:915][  0]LogConfig: Applying CVar settings from Section [EffectsQuality@3] File [C:/Users/dewil/Documents/GitHub/NovasJourney/NovasJourney/Saved/Config/Windows/Scalability.ini]
[2020.01.22-16.05.08:915][  0]LogConfig: Setting CVar [[r.TranslucencyLightingVolumeDim:64]]
[2020.01.22-16.05.08:915][  0]LogConfig: Setting CVar [[r.RefractionQuality:2]]
[2020.01.22-16.05.08:915][  0]LogConfig: Setting CVar [[r.SSR.Quality:3]]
[2020.01.22-16.05.08:915][  0]LogConfig: Setting CVar [[r.SceneColorFormat:4]]
[2020.01.22-16.05.08:915][  0]LogConfig: Setting CVar [[r.DetailMode:2]]
[2020.01.22-16.05.08:915][  0]LogConfig: Setting CVar [[r.TranslucencyVolumeBlur:1]]
[2020.01.22-16.05.08:915][  0]LogConfig: Setting CVar [[r.MaterialQualityLevel:1 ; High quality]]
[2020.01.22-16.05.08:915][  0]LogConfig: Setting CVar [[r.SSS.Scale:1]]
[2020.01.22-16.05.08:915][  0]LogConfig: Setting CVar [[r.SSS.SampleSet:2]]
[2020.01.22-16.05.08:915][  0]LogConfig: Setting CVar [[r.SSS.Quality:1]]
[2020.01.22-16.05.08:915][  0]LogConfig: Setting CVar [[r.SSS.HalfRes:1]]
[2020.01.22-16.05.08:915][  0]LogConfig: Setting CVar [[r.EmitterSpawnRateScale:1.0]]
[2020.01.22-16.05.08:915][  0]LogConfig: Setting CVar [[r.ParticleLightQuality:2]]
[2020.01.22-16.05.08:915][  0]LogConfig: Applying CVar settings from Section [FoliageQuality@3] File [C:/Users/dewil/Documents/GitHub/NovasJourney/NovasJourney/Saved/Config/Windows/Scalability.ini]
[2020.01.22-16.05.08:915][  0]LogConfig: Setting CVar [[foliage.DensityScale:1.0]]
[2020.01.22-16.05.08:915][  0]LogConfig: Setting CVar [[grass.DensityScale:1.0]]
[2020.01.22-16.05.08:915][  0]LogConfig: Applying CVar settings from Section [Startup] File [../../../Engine/Config/ConsoleVariables.ini]
[2020.01.22-16.05.08:916][  0]LogConfig: Setting CVar [[net.UseAdaptiveNetUpdateFrequency:0]]
[2020.01.22-16.05.08:916][  0]LogConfig: Setting CVar [[p.chaos.AllowCreatePhysxBodies:1]]
[2020.01.22-16.05.08:916][  0]LogConfig: Applying CVar settings from Section [ConsoleVariables] File [C:/Users/dewil/Documents/GitHub/NovasJourney/NovasJourney/Saved/Config/Windows/Engine.ini]
[2020.01.22-16.05.08:944][  0]LogInit: Computer: DESKTOP-8LB3I6G
[2020.01.22-16.05.08:944][  0]LogInit: User: dewil
[2020.01.22-16.05.08:944][  0]LogInit: CPU Page size=4096, Cores=4
[2020.01.22-16.05.08:944][  0]LogInit: High frequency timer resolution =10.000000 MHz
[2020.01.22-16.05.08:966][  0]LogMemory: Memory total: Physical=11.9GB (12GB approx)
[2020.01.22-16.05.08:966][  0]LogMemory: Platform Memory Stats for Windows
[2020.01.22-16.05.08:966][  0]LogMemory: Process Physical Memory: 100.90 MB used, 100.90 MB peak
[2020.01.22-16.05.08:966][  0]LogMemory: Process Virtual Memory: 89.53 MB used, 89.53 MB peak
[2020.01.22-16.05.08:966][  0]LogMemory: Physical Memory: 8467.29 MB used,  3718.55 MB free, 12185.84 MB total
[2020.01.22-16.05.08:966][  0]LogMemory: Virtual Memory: 4686.06 MB used,  134213040.00 MB free, 134217728.00 MB total
[2020.01.22-16.05.10:459][  0]LogInit: Using OS detected language (en-US).
[2020.01.22-16.05.10:459][  0]LogInit: Using OS detected locale (en-US).
[2020.01.22-16.05.10:582][  0]LogTextLocalizationManager: No specific localization for 'en-US' exists, so the 'en' localization will be used.
[2020.01.22-16.05.11:727][  0]LogInit: Setting process to per monitor DPI aware
[2020.01.22-16.05.14:067][  0]LogSlate: New Slate User Created.  User Index 0, Is Virtual User: 0
[2020.01.22-16.05.14:067][  0]LogSlate: Slate User Registered.  User Index 0, Is Virtual User: 0
[2020.01.22-16.05.19:718][  0]LogHMD: Failed to initialize OpenVR with code 110
[2020.01.22-16.05.19:718][  0]LogD3D11RHI: D3D11 adapters:
[2020.01.22-16.05.20:644][  0]LogD3D11RHI:    0. 'Intel(R) UHD Graphics 620' (Feature Level 11_0)
[2020.01.22-16.05.20:644][  0]LogD3D11RHI:       128/0/6092 MB DedicatedVideo/DedicatedSystem/SharedSystem, Outputs:1, VendorId:0x8086
[2020.01.22-16.05.20:700][  0]LogD3D11RHI:    1. 'Microsoft Basic Render Driver' (Feature Level 11_0)
[2020.01.22-16.05.20:700][  0]LogD3D11RHI:       0/0/6092 MB DedicatedVideo/DedicatedSystem/SharedSystem, Outputs:0, VendorId:0x1414
[2020.01.22-16.05.20:700][  0]LogD3D11RHI: Chosen D3D11 Adapter: 0
[2020.01.22-16.05.20:722][  0]LogD3D11RHI: Creating new Direct3DDevice
[2020.01.22-16.05.20:722][  0]LogD3D11RHI:     GPU DeviceId: 0x5917 (for the marketing name, search the web for "GPU Device Id")
[2020.01.22-16.05.20:731][  0]LogWindows: EnumDisplayDevices:
[2020.01.22-16.05.20:732][  0]LogWindows:    0. 'Intel(R) UHD Graphics 620' (P:1 D:1)
[2020.01.22-16.05.20:732][  0]LogWindows:    1. 'Intel(R) UHD Graphics 620' (P:0 D:0)
[2020.01.22-16.05.20:732][  0]LogWindows:    2. 'Intel(R) UHD Graphics 620' (P:0 D:0)
[2020.01.22-16.05.20:732][  0]LogWindows: DebugString: FoundDriverCount:3 
[2020.01.22-16.05.20:732][  0]LogD3D11RHI:     Adapter Name: Intel(R) UHD Graphics 620
[2020.01.22-16.05.20:732][  0]LogD3D11RHI:   Driver Version: 26.20.100.7262 (internal:26.20.100.7262, unified:26.20.100.7262)
[2020.01.22-16.05.20:732][  0]LogD3D11RHI:      Driver Date: 9-25-2019
[2020.01.22-16.05.20:732][  0]LogRHI: Texture pool is 1523 MB (70% of 2176 MB)
[2020.01.22-16.05.20:841][  0]LogD3D11RHI: Async texture creation enabled
[2020.01.22-16.05.21:241][  0]LogRendererCore: FGlobalReadBuffer::InitRHI
[2020.01.22-16.05.21:289][  0]LogRendererCore: FGlobalReadBuffer::InitRHI
[2020.01.22-16.05.21:289][  0]LogRendererCore: FGlobalReadBuffer::InitRHI
[2020.01.22-16.05.21:384][  0]LogD3D11RHI: GPU Timing Frequency: 12.000048 (Debug: 2 0)
[2020.01.22-16.05.22:129][  0]LogTemp: Display: Module 'AllDesktopTargetPlatform' loaded TargetPlatform 'AllDesktop'
[2020.01.22-16.05.22:193][  0]LogTemp: Display: Module 'MacClientTargetPlatform' loaded TargetPlatform 'MacClient'
[2020.01.22-16.05.22:211][  0]LogTemp: Display: Module 'MacNoEditorTargetPlatform' loaded TargetPlatform 'MacNoEditor'
[2020.01.22-16.05.22:254][  0]LogTemp: Display: Module 'MacServerTargetPlatform' loaded TargetPlatform 'MacServer'
[2020.01.22-16.05.22:325][  0]LogTemp: Display: Module 'MacTargetPlatform' loaded TargetPlatform 'Mac'
[2020.01.22-16.05.22:502][  0]LogTemp: Display: Module 'WindowsClientTargetPlatform' loaded TargetPlatform 'WindowsClient'
[2020.01.22-16.05.22:555][  0]LogTemp: Display: Module 'WindowsNoEditorTargetPlatform' loaded TargetPlatform 'WindowsNoEditor'
[2020.01.22-16.05.22:608][  0]LogTemp: Display: Module 'WindowsServerTargetPlatform' loaded TargetPlatform 'WindowsServer'
[2020.01.22-16.05.22:630][  0]LogTemp: Display: Module 'WindowsTargetPlatform' loaded TargetPlatform 'Windows'
[2020.01.22-16.05.22:796][  0]LogTemp: Display: Module 'AndroidTargetPlatform' loaded TargetPlatform 'Android'
[2020.01.22-16.05.22:796][  0]LogTemp: Display: Module 'AndroidTargetPlatform' loaded TargetPlatform 'Android_ASTC'
[2020.01.22-16.05.22:796][  0]LogTemp: Display: Module 'AndroidTargetPlatform' loaded TargetPlatform 'Android_ATC'
[2020.01.22-16.05.22:796][  0]LogTemp: Display: Module 'AndroidTargetPlatform' loaded TargetPlatform 'Android_DXT'
[2020.01.22-16.05.22:796][  0]LogTemp: Display: Module 'AndroidTargetPlatform' loaded TargetPlatform 'Android_ETC1'
[2020.01.22-16.05.22:796][  0]LogTemp: Display: Module 'AndroidTargetPlatform' loaded TargetPlatform 'Android_ETC1a'
[2020.01.22-16.05.22:796][  0]LogTemp: Display: Module 'AndroidTargetPlatform' loaded TargetPlatform 'Android_ETC2'
[2020.01.22-16.05.22:796][  0]LogTemp: Display: Module 'AndroidTargetPlatform' loaded TargetPlatform 'Android_PVRTC'
[2020.01.22-16.05.22:796][  0]LogTemp: Display: Module 'AndroidTargetPlatform' loaded TargetPlatform 'AndroidClient'
[2020.01.22-16.05.22:796][  0]LogTemp: Display: Module 'AndroidTargetPlatform' loaded TargetPlatform 'Android_ASTCClient'
[2020.01.22-16.05.22:796][  0]LogTemp: Display: Module 'AndroidTargetPlatform' loaded TargetPlatform 'Android_ATCClient'
[2020.01.22-16.05.22:796][  0]LogTemp: Display: Module 'AndroidTargetPlatform' loaded TargetPlatform 'Android_DXTClient'
[2020.01.22-16.05.22:796][  0]LogTemp: Display: Module 'AndroidTargetPlatform' loaded TargetPlatform 'Android_ETC1Client'
[2020.01.22-16.05.22:796][  0]LogTemp: Display: Module 'AndroidTargetPlatform' loaded TargetPlatform 'Android_ETC1aClient'
[2020.01.22-16.05.22:796][  0]LogTemp: Display: Module 'AndroidTargetPlatform' loaded TargetPlatform 'Android_ETC2Client'
[2020.01.22-16.05.22:796][  0]LogTemp: Display: Module 'AndroidTargetPlatform' loaded TargetPlatform 'Android_PVRTCClient'
[2020.01.22-16.05.22:796][  0]LogTemp: Display: Module 'AndroidTargetPlatform' loaded TargetPlatform 'Android_Multi'
[2020.01.22-16.05.22:796][  0]LogTemp: Display: Module 'AndroidTargetPlatform' loaded TargetPlatform 'Android_MultiClient'
[2020.01.22-16.05.22:949][  0]LogTemp: Display: Module 'HTML5TargetPlatform' loaded TargetPlatform 'HTML5'
[2020.01.22-16.05.23:386][  0]LogTemp: Display: Module 'IOSTargetPlatform' loaded TargetPlatform 'IOSClient'
[2020.01.22-16.05.23:386][  0]LogTemp: Display: Module 'IOSTargetPlatform' loaded TargetPlatform 'IOS'
[2020.01.22-16.05.23:500][  0]LogTemp: Display: Module 'TVOSTargetPlatform' loaded TargetPlatform 'TVOSClient'
[2020.01.22-16.05.23:500][  0]LogTemp: Display: Module 'TVOSTargetPlatform' loaded TargetPlatform 'TVOS'
[2020.01.22-16.05.23:539][  0]LogTemp: Display: Module 'LinuxClientTargetPlatform' loaded TargetPlatform 'LinuxClient'
[2020.01.22-16.05.23:568][  0]LogTemp: Display: Module 'LinuxNoEditorTargetPlatform' loaded TargetPlatform 'LinuxNoEditor'
[2020.01.22-16.05.23:584][  0]LogTemp: Display: Module 'LinuxServerTargetPlatform' loaded TargetPlatform 'LinuxServer'
[2020.01.22-16.05.23:644][  0]LogTemp: Display: Module 'LinuxTargetPlatform' loaded TargetPlatform 'Linux'
[2020.01.22-16.05.23:708][  0]LogTemp: Display: Module 'LuminTargetPlatform' loaded TargetPlatform 'Lumin'
[2020.01.22-16.05.23:708][  0]LogTemp: Display: Module 'LuminTargetPlatform' loaded TargetPlatform 'LuminClient'
[2020.01.22-16.05.23:708][  0]LogTargetPlatformManager: Display: Building Assets For Windows
[2020.01.22-16.05.23:997][  0]LogAudioDebug: Display: Lib vorbis DLL was dynamically loaded.
[2020.01.22-16.05.25:420][  0]LogShaderCompilers: Guid format shader working directory is -27 characters bigger than the processId version (../../../../../../Users/dewil/Documents/GitHub/NovasJourney/NovasJourney/Intermediate/Shaders/WorkingDirectory/16908/).
[2020.01.22-16.05.25:420][  0]LogShaderCompilers: Cleaned the shader compiler working directory 'C:/Users/dewil/AppData/Local/Temp/UnrealShaderWorkingDir/CFCA94414FC08D1072CD3AA8152E8E6C/'.
[2020.01.22-16.05.25:447][  0]LogXGEController: Cleaning working directory: C:/Users/dewil/AppData/Local/Temp/UnrealXGEWorkingDir/
[2020.01.22-16.05.25:448][  0]LogXGEController: Cannot use XGE Controller as Incredibuild is not installed on this machine.
[2020.01.22-16.05.25:449][  0]LogShaderCompilers: Cannot use XGE Shader Compiler as Incredibuild is not installed on this machine.
[2020.01.22-16.05.25:449][  0]LogShaderCompilers: Display: Using Local Shader Compiler.
[2020.01.22-16.05.37:507][  0]LogDerivedDataCache: Display: Max Cache Size: 512 MB
[2020.01.22-16.05.38:591][  0]LogDerivedDataCache: Loaded boot cache 1.06s 71MB C:/Users/dewil/AppData/Local/UnrealEngine/4.22/DerivedDataCache/Boot.ddc.
[2020.01.22-16.05.38:591][  0]LogDerivedDataCache: Display: Loaded Boot cache: C:/Users/dewil/AppData/Local/UnrealEngine/4.22/DerivedDataCache/Boot.ddc
[2020.01.22-16.05.38:591][  0]LogDerivedDataCache: FDerivedDataBackendGraph:  Pak pak cache file ../../../../../../Users/dewil/Documents/GitHub/NovasJourney/NovasJourney/DerivedDataCache/DDC.ddp not found, will not use a pak cache.
[2020.01.22-16.05.38:591][  0]LogDerivedDataCache: Unable to find inner node Pak for hierarchical cache Hierarchy.
[2020.01.22-16.05.38:592][  0]LogDerivedDataCache: FDerivedDataBackendGraph:  CompressedPak pak cache file ../../../../../../Users/dewil/Documents/GitHub/NovasJourney/NovasJourney/DerivedDataCache/Compressed.ddp not found, will not use a pak cache.
[2020.01.22-16.05.38:592][  0]LogDerivedDataCache: Unable to find inner node CompressedPak for hierarchical cache Hierarchy.
[2020.01.22-16.05.38:701][  0]LogDerivedDataCache: Display: Pak cache opened for reading ../../../Engine/DerivedDataCache/Compressed.ddp.
[2020.01.22-16.05.38:701][  0]LogDerivedDataCache: FDerivedDataBackendGraph:  EnterprisePak pak cache file ../../../Enterprise/DerivedDataCache/Compressed.ddp not found, will not use a pak cache.
[2020.01.22-16.05.38:701][  0]LogDerivedDataCache: Unable to find inner node EnterprisePak for hierarchical cache Hierarchy.
[2020.01.22-16.05.38:728][  0]LogDerivedDataCache: Using Local data cache path C:/Users/dewil/AppData/Local/UnrealEngine/Common/DerivedDataCache: Writable
[2020.01.22-16.05.38:728][  0]LogDerivedDataCache: Shared data cache path not found in *engine.ini, will not use an Shared cache.
[2020.01.22-16.05.38:728][  0]LogDerivedDataCache: Unable to find inner node Shared for hierarchical cache Hierarchy.
[2020.01.22-16.05.38:852][  0]LogMaterial: Verifying Global Shaders for PCD3D_SM5
[2020.01.22-16.05.38:934][  0]LogSlate: Using FreeType 2.6.0
[2020.01.22-16.05.39:079][  0]LogSlate: SlateFontServices - WITH_FREETYPE: 1, WITH_HARFBUZZ: 1
[2020.01.22-16.05.40:781][  0]LogAssetRegistry: FAssetRegistry took 0.1267 seconds to start up
[2020.01.22-16.05.54:060][  0]LogInit: Selected Device Profile: [Windows]
[2020.01.22-16.06.01:444][  0]LogMeshReduction: Using QuadricMeshReduction for automatic static mesh reduction
[2020.01.22-16.06.01:444][  0]LogMeshReduction: Using SimplygonMeshReduction for automatic skeletal mesh reduction
[2020.01.22-16.06.01:444][  0]LogMeshReduction: Using ProxyLODMeshReduction for automatic mesh merging
[2020.01.22-16.06.01:444][  0]LogMeshReduction: No distributed automatic mesh merging module available
[2020.01.22-16.06.01:466][  0]LogMeshMerging: No distributed automatic mesh merging module available
[2020.01.22-16.06.02:560][  0]LogNetVersion: NovasJourney 1.0.0, NetCL: 5660361, EngineNetVer: 10, GameNetVer: 0 (Checksum: 477171736)
[2020.01.22-16.06.14:035][  0]LogPackageLocalizationCache: Processed 10 localized package path(s) for 1 prioritized culture(s) in 0.106811 seconds
[2020.01.22-16.06.14:082][  0]LogUObjectArray: 42205 objects as part of root set at end of initial load.
[2020.01.22-16.06.14:082][  0]LogUObjectAllocator: 7325032 out of 0 bytes used by permanent object pool.
[2020.01.22-16.06.14:082][  0]LogUObjectArray: CloseDisregardForGC: 0/0 objects in disregard for GC pool
[2020.01.22-16.07.20:242][  0]LogTcpMessaging: Initializing TcpMessaging bridge
[2020.01.22-16.07.20:641][  0]LogUdpMessaging: Initializing bridge on interface 0.0.0.0:0 to multicast group 230.0.0.1:6666.
[2020.01.22-16.07.26:789][  0]SourceControl: Source control is disabled
[2020.01.22-16.07.26:832][  0]SourceControl: Source control is disabled
[2020.01.22-16.07.27:297][  0]SourceControl: Source control is disabled
[2020.01.22-16.07.27:611][  0]SourceControl: Source control is disabled
[2020.01.22-16.07.38:319][  0]LogAndroidPermission: UAndroidPermissionCallbackProxy::GetInstance
[2020.01.22-16.07.41:581][  0]LogOcInput: OculusInput pre-init called
[2020.01.22-16.07.54:621][  0]LogAutomationTest: Warning: Smoke tests took > 2s to run: 9.24s
[2020.01.22-16.07.54:862][  0]LogEngine: Initializing Engine...
[2020.01.22-16.07.55:109][  0]LogHMD: Failed to initialize OpenVR with code 110
[2020.01.22-16.07.55:177][  0]LogStats: UGameplayTagsManager::InitializeManager -  0.013 s
[2020.01.22-16.07.56:085][  0]LogInit: Initializing FReadOnlyCVARCache
[2020.01.22-16.07.57:260][  0]LogAIModule: Creating AISystem for world Untitled
[2020.01.22-16.07.57:996][  0]LogInit: XAudio2 using 'Speakers / Headphones (2- Realtek Audio)' : 2 channels at 48 kHz using 16 bits per sample (channel mask 0x3)
[2020.01.22-16.07.58:371][  0]LogInit: FAudioDevice initialized.
[2020.01.22-16.07.58:381][  0]LogNetVersion: Set ProjectVersion to 1.0.0.0. Version Checksum will be recalculated on next use.
[2020.01.22-16.07.59:050][  0]LogDerivedDataCache: Saved boot cache 0.67s 71MB C:/Users/dewil/AppData/Local/UnrealEngine/4.22/DerivedDataCache/Boot.ddc.
[2020.01.22-16.07.59:059][  0]LogInit: Texture streaming: Enabled
[2020.01.22-16.07.59:395][  0]LogEngineSessionManager: EngineSessionManager initialized
[2020.01.22-16.08.00:083][  0]LogInit: Transaction tracking system initialized
[2020.01.22-16.08.00:706][  0]BlueprintLog: New page: Editor Load
[2020.01.22-16.08.04:483][  0]LocalizationService: Localization service is disabled
[2020.01.22-16.08.07:961][  0]LogFileCache: Scanning file cache for directory 'C:/Users/dewil/Documents/GitHub/NovasJourney/NovasJourney/Content/' took 0.10s
[2020.01.22-16.08.07:961][  0]LogCook: Display: Max memory allowance for cook 16384mb min free memory 0mb
[2020.01.22-16.08.07:965][  0]LogCook: Display: Mobile HDR setting 1
[2020.01.22-16.08.11:144][  0]SourceControl: Source control is disabled
[2020.01.22-16.08.11:188][  0]Cmd: MAP LOAD FILE="../../../../../../Users/dewil/Documents/GitHub/NovasJourney/NovasJourney/Content/Content/Levels/Maps/NovaTechConcept.umap" TEMPLATE=0 SHOWPROGRESS=1 FEATURELEVEL=3
[2020.01.22-16.08.11:222][  0]LightingResults: New page: Lighting Build
[2020.01.22-16.08.11:612][  0]MapCheck: New page: Map Check
[2020.01.22-16.08.11:612][  0]LightingResults: New page: Lighting Build
[2020.01.22-16.08.12:428][  0]LogUObjectHash: Compacting FUObjectHashTables data took  13.19ms
[2020.01.22-16.08.18:799][  0]LogTexture: Display: Building textures: selection_2 (BGRA8, 1858X491)
[2020.01.22-16.08.18:799][  0]LogTexture: Display: Building textures: new_pause (AutoDXT, 1920X1080)
[2020.01.22-16.08.18:799][  0]LogTexture: Display: Building textures: new_settings (AutoDXT, 1920X1080)
[2020.01.22-16.08.18:799][  0]LogTexture: Display: Building textures: selection (BGRA8, 1795X436)
[2020.01.22-16.08.22:774][  0]LogAIModule: Creating AISystem for world NovaTechConcept
[2020.01.22-16.08.24:683][  0]LogEditorServer: Finished looking for orphan Actors (0.000 secs)
[2020.01.22-16.08.25:378][  0]LogUObjectHash: Compacting FUObjectHashTables data took   2.57ms
[2020.01.22-16.08.25:425][  0]Cmd: MAP CHECKDEP NOCLEARLOG
[2020.01.22-16.08.25:549][  0]MapCheck: Map check complete: 0 Error(s), 0 Warning(s), took 19.433ms to complete.
[2020.01.22-16.08.25:604][  0]LogFileHelpers: Loading map 'NovaTechConcept' took 14.448
[2020.01.22-16.08.34:217][  0]LogSlate: Only BGRA pngs, bmps or icos are supported in by External Image Picker
[2020.01.22-16.08.35:827][  0]LogSlate: Updating window title bar state: overlay mode, drag disabled, window buttons hidden, title bar hidden
[2020.01.22-16.08.35:988][  0]LogSlate: Updating window title bar state: overlay mode, drag disabled, window buttons hidden, title bar hidden
[2020.01.22-16.08.35:995][  0]LogSlate: Updating window title bar state: overlay mode, drag disabled, window buttons hidden, title bar hidden
[2020.01.22-16.08.36:002][  0]LogSlate: Updating window title bar state: overlay mode, drag disabled, window buttons hidden, title bar hidden
[2020.01.22-16.08.36:296][  0]LogCollectionManager: Loaded 0 collections in 0.002370 seconds
[2020.01.22-16.08.36:778][  0]LogFileCache: Scanning file cache for directory 'C:/Users/dewil/Documents/GitHub/NovasJourney/NovasJourney/Saved/Collections/' took 0.01s
[2020.01.22-16.08.36:778][  0]LogFileCache: Scanning file cache for directory 'C:/Users/dewil/Documents/GitHub/NovasJourney/NovasJourney/Content/Developers/dewil/Collections/' took 0.01s
[2020.01.22-16.08.36:778][  0]LogFileCache: Scanning file cache for directory 'C:/Users/dewil/Documents/GitHub/NovasJourney/NovasJourney/Content/Collections/' took 0.01s
[2020.01.22-16.08.36:778][  0]LogCollectionManager: Rebuilt the GUID cache for 0 collections in 0.000001 seconds
[2020.01.22-16.08.36:881][  0]LogContentBrowser: Native class hierarchy populated in 0.0975 seconds. Added 2735 classes and 661 folders.
[2020.01.22-16.08.37:174][  0]LogContentBrowser: Native class hierarchy updated for 'WidgetCarousel' in 0.0007 seconds. Added 0 classes and 0 folders.
[2020.01.22-16.08.37:264][  0]LogPakFile: Registered encryption key '00000000000000000000000000000000': 0 pak files mounted, 0 remain pending
[2020.01.22-16.08.37:414][  0]LogPakFile: Registered encryption key '00000000000000000000000000000000': 0 pak files mounted, 0 remain pending
[2020.01.22-16.08.37:465][  0]LogPakFile: Registered encryption key '00000000000000000000000000000000': 0 pak files mounted, 0 remain pending
[2020.01.22-16.08.37:472][  0]LogPakFile: Registered encryption key '00000000000000000000000000000000': 0 pak files mounted, 0 remain pending
[2020.01.22-16.08.37:544][  0]LogPakFile: Registered encryption key '00000000000000000000000000000000': 0 pak files mounted, 0 remain pending
[2020.01.22-16.08.37:551][  0]LogPakFile: Registered encryption key '00000000000000000000000000000000': 0 pak files mounted, 0 remain pending
[2020.01.22-16.08.37:558][  0]LogPakFile: Registered encryption key '00000000000000000000000000000000': 0 pak files mounted, 0 remain pending
[2020.01.22-16.08.37:598][  0]LogPakFile: Registered encryption key '00000000000000000000000000000000': 0 pak files mounted, 0 remain pending
[2020.01.22-16.08.37:614][  0]LogPakFile: Registered encryption key '00000000000000000000000000000000': 0 pak files mounted, 0 remain pending
[2020.01.22-16.08.37:655][  0]LogPakFile: Registered encryption key '00000000000000000000000000000000': 0 pak files mounted, 0 remain pending
[2020.01.22-16.08.37:662][  0]LogPakFile: Registered encryption key '00000000000000000000000000000000': 0 pak files mounted, 0 remain pending
[2020.01.22-16.08.37:669][  0]LogPakFile: Registered encryption key '00000000000000000000000000000000': 0 pak files mounted, 0 remain pending
[2020.01.22-16.08.37:676][  0]LogPakFile: Registered encryption key '00000000000000000000000000000000': 0 pak files mounted, 0 remain pending
[2020.01.22-16.08.37:683][  0]LogPakFile: Registered encryption key '00000000000000000000000000000000': 0 pak files mounted, 0 remain pending
[2020.01.22-16.08.37:690][  0]LogPakFile: Registered encryption key '00000000000000000000000000000000': 0 pak files mounted, 0 remain pending
[2020.01.22-16.08.37:739][  0]LogPakFile: Registered encryption key '00000000000000000000000000000000': 0 pak files mounted, 0 remain pending
[2020.01.22-16.08.37:883][  0]LogPakFile: Registered encryption key '00000000000000000000000000000000': 0 pak files mounted, 0 remain pending
[2020.01.22-16.08.37:908][  0]LogPakFile: Registered encryption key '00000000000000000000000000000000': 0 pak files mounted, 0 remain pending
[2020.01.22-16.08.37:954][  0]LogPakFile: Registered encryption key '00000000000000000000000000000000': 0 pak files mounted, 0 remain pending
[2020.01.22-16.08.38:003][  0]LogPakFile: Registered encryption key '00000000000000000000000000000000': 0 pak files mounted, 0 remain pending
[2020.01.22-16.08.38:089][  0]LogPakFile: Registered encryption key '00000000000000000000000000000000': 0 pak files mounted, 0 remain pending
[2020.01.22-16.08.38:099][  0]LogPakFile: Registered encryption key '00000000000000000000000000000000': 0 pak files mounted, 0 remain pending
[2020.01.22-16.08.38:139][  0]LogPakFile: Registered encryption key '00000000000000000000000000000000': 0 pak files mounted, 0 remain pending
[2020.01.22-16.08.38:158][  0]LogPakFile: Registered encryption key '00000000000000000000000000000000': 0 pak files mounted, 0 remain pending
[2020.01.22-16.08.38:183][  0]LogPakFile: Registered encryption key '00000000000000000000000000000000': 0 pak files mounted, 0 remain pending
[2020.01.22-16.08.38:190][  0]LogPakFile: Registered encryption key '00000000000000000000000000000000': 0 pak files mounted, 0 remain pending
[2020.01.22-16.08.40:030][  0]LogContentBrowser: Native class hierarchy updated for 'AddContentDialog' in 0.0009 seconds. Added 0 classes and 0 folders.
[2020.01.22-16.08.40:433][  0]LogContentBrowser: Native class hierarchy updated for 'SceneOutliner' in 0.0008 seconds. Added 1 classes and 2 folders.
[2020.01.22-16.08.41:434][  0]LogSlate: Took 0.020731 seconds to synchronously load lazily loaded font '../../../Engine/Content/Slate/Fonts/Roboto-Regular.ttf' (155K)
[2020.01.22-16.08.41:522][  0]LogSlate: Took 0.023598 seconds to synchronously load lazily loaded font '../../../Engine/Content/Slate/Fonts/Roboto-Bold.ttf' (160K)
[2020.01.22-16.08.41:707][  0]LogSlate: Took 0.022826 seconds to synchronously load lazily loaded font '../../../Engine/Content/Editor/Slate/Fonts/FontAwesome.ttf' (139K)
[2020.01.22-16.08.42:708][  0]LogRenderer: Reallocating scene render targets to support 828x460 Format 10 NumSamples 1 (Frame:1).
[2020.01.22-16.08.46:733][  0]LogContentBrowser: Native class hierarchy updated for 'HierarchicalLODOutliner' in 0.0008 seconds. Added 0 classes and 0 folders.
[2020.01.22-16.08.46:733][  0]LogLoad: (Engine Initialization) Total time: 466.92 seconds
[2020.01.22-16.08.46:733][  0]LogLoad: (Engine Initialization) Total Blueprint compile time: 0.00 seconds
[2020.01.22-16.08.47:439][  0]LogSlate: FSceneViewport::OnFocusLost() reason 0
[2020.01.22-16.08.52:852][  0]LogContentStreaming: Texture pool size now 1000 MB
[2020.01.22-16.09.02:242][  1]LogFileCache: Retrieving MD5 hashes for directory 'C:/Users/dewil/Documents/GitHub/NovasJourney/NovasJourney/Content/' took 13.90s
[2020.01.22-16.09.03:319][  1]LogSlate: Took 0.137797 seconds to synchronously load lazily loaded font '../../../Engine/Content/Slate/Fonts/Roboto-Light.ttf' (167K)
[2020.01.22-16.09.05:601][  4]LogAssetRegistry: Asset discovery search completed in 204.9323 seconds
[2020.01.22-16.09.05:820][  4]LogCollectionManager: Rebuilt the object cache for 0 collections in 0.000001 seconds (found 0 objects)
[2020.01.22-16.09.05:820][  4]LogCollectionManager: Fixed up redirectors for 0 collections in 0.059713 seconds (updated 0 objects)
[2020.01.22-16.09.11:091][ 55]LogSlate: FSceneViewport::OnFocusLost() reason 0
[2020.01.22-16.09.26:933][434]LogSlate: Took 0.000561 seconds to synchronously load lazily loaded font '../../../Engine/Content/Slate/Fonts/Roboto-Light.ttf' (167K)
[2020.01.22-16.09.26:981][434]LogAssetEditorManager: Opening Asset editor for Blueprint /Game/Content/Actors/Objects/BarrelLevel.BarrelLevel
[2020.01.22-16.09.35:338][434]LogContentBrowser: Native class hierarchy updated for 'BlueprintGraph' in 0.0013 seconds. Added 121 classes and 0 folders.
[2020.01.22-16.09.46:239][434]LogSlate: Took 0.024603 seconds to synchronously load lazily loaded font '../../../Engine/Content/Slate/Fonts/Roboto-BoldCondensed.ttf' (158K)
[2020.01.22-16.09.49:588][435]LogSlate: Took 0.025744 seconds to synchronously load lazily loaded font '../../../Engine/Content/Slate/Fonts/Roboto-Italic.ttf' (157K)
[2020.01.22-16.09.53:108][528]LogSlate: Window 'BarrelLevel' being destroyed
[2020.01.22-16.09.54:343][600]LogTemp: Repeating last play command: New Editor Window (PIE)
[2020.01.22-16.09.55:098][600]LogBlueprintUserMessages: Early PlayInEditor Detection: Level '/Game/Content/Levels/Maps/NovaTechConcept.NovaTechConcept:PersistentLevel' has LevelScriptBlueprint '/Game/Content/Levels/Maps/NovaTechConcept.NovaTechConcept:PersistentLevel.NovaTechConcept' with GeneratedClass '/Game/Content/Levels/Maps/NovaTechConcept.NovaTechConcept_C' with ClassGeneratedBy '/Game/Content/Levels/Maps/NovaTechConcept.NovaTechConcept:PersistentLevel.NovaTechConcept'
[2020.01.22-16.09.55:197][600]LogPlayLevel: PlayLevel: No blueprints needed recompiling
[2020.01.22-16.09.55:276][600]PIE: New page: PIE session: NovaTechConcept (Jan 22, 2020, 6:09:55 AM)
[2020.01.22-16.09.55:453][600]LogPlayLevel: Creating play world package: /Game/Content/Levels/Maps/UEDPIE_0_NovaTechConcept
[2020.01.22-16.09.55:620][600]LogPlayLevel: PIE: StaticDuplicateObject took: (0.166677s)
[2020.01.22-16.09.55:637][600]LogAIModule: Creating AISystem for world NovaTechConcept
[2020.01.22-16.09.55:685][600]LogPlayLevel: PIE: World Init took: (0.064875s)
[2020.01.22-16.09.55:685][600]LogPlayLevel: PIE: Created PIE world by copying editor world from /Game/Content/Levels/Maps/NovaTechConcept.NovaTechConcept to /Game/Content/Levels/Maps/UEDPIE_0_NovaTechConcept.NovaTechConcept (0.232308s)
[2020.01.22-16.09.55:783][600]LogUObjectHash: Compacting FUObjectHashTables data took   4.62ms
[2020.01.22-16.09.55:920][600]LogInit: XAudio2 using 'Speakers / Headphones (2- Realtek Audio)' : 2 channels at 48 kHz using 16 bits per sample (channel mask 0x3)
[2020.01.22-16.09.56:008][600]LogInit: FAudioDevice initialized.
[2020.01.22-16.09.56:080][600]LogSlate: Updating window title bar state: overlay mode, drag disabled, window buttons hidden, title bar hidden
[2020.01.22-16.09.56:399][600]LogLoad: Game class is 'NovasJourney_C'
[2020.01.22-16.09.56:620][600]LogWorld: Bringing World /Game/Content/Levels/Maps/UEDPIE_0_NovaTechConcept.NovaTechConcept up for play (max tick rate 0) at 2020.01.22-11.09.56
[2020.01.22-16.09.57:051][600]LogWorld: Bringing up level for play took: 0.440263
[2020.01.22-16.09.57:308][600]LogBlueprintActionDatabase: Requesting refresh due to module change: Voice (loaded)
[2020.01.22-16.09.57:329][600]LogBlueprintActionDatabase: Requesting refresh due to module change: MovieSceneCapture (loaded)
[2020.01.22-16.09.57:329][600]LogContentBrowser: Native class hierarchy updated for 'MovieSceneCapture' in 0.0006 seconds. Added 20 classes and 0 folders.
[2020.01.22-16.09.57:729][600]LogBlueprintUserMessages: [Nova2_C_0] You've Discovered an Item!
[2020.01.22-16.09.57:735][600]LogBlueprintUserMessages: [Nova2_C_0] You've Discovered an Item!
[2020.01.22-16.09.58:213][600]PIE: Play in editor start time for /Game/Content/Levels/Maps/UEDPIE_0_NovaTechConcept 2.5
[2020.01.22-16.09.58:232][600]LogBlueprintUserMessages: Late PlayInEditor Detection: Level '/Game/Content/Levels/Maps/NovaTechConcept.NovaTechConcept:PersistentLevel' has LevelScriptBlueprint '/Game/Content/Levels/Maps/NovaTechConcept.NovaTechConcept:PersistentLevel.NovaTechConcept' with GeneratedClass '/Game/Content/Levels/Maps/NovaTechConcept.NovaTechConcept_C' with ClassGeneratedBy '/Game/Content/Levels/Maps/NovaTechConcept.NovaTechConcept:PersistentLevel.NovaTechConcept'
[2020.01.22-16.09.58:869][601]LogRenderer: Reallocating scene render targets to support 1016x544 Format 10 NumSamples 1 (Frame:1).
[2020.01.22-16.09.59:231][601]LogCharacterMovement: Warning: GetSimulationTimeStep() - Max iterations 8 hit while remaining time 0.065293 > MaxSimulationTimeStep (0.050) for 'Nova2_C_0', movement 'Walking'
[2020.01.22-16.10.11:503][818]LogBlueprintUserMessages: Early EndPlayMap Detection: Level '/Game/Content/Levels/Maps/NovaTechConcept.NovaTechConcept:PersistentLevel' has LevelScriptBlueprint '/Game/Content/Levels/Maps/NovaTechConcept.NovaTechConcept:PersistentLevel.NovaTechConcept' with GeneratedClass '/Game/Content/Levels/Maps/NovaTechConcept.NovaTechConcept_C' with ClassGeneratedBy '/Game/Content/Levels/Maps/NovaTechConcept.NovaTechConcept:PersistentLevel.NovaTechConcept'
[2020.01.22-16.10.11:563][818]LogSlate: Updating window title bar state: overlay mode, drag disabled, window buttons hidden, title bar hidden
[2020.01.22-16.10.11:584][818]LogSlate: Window 'NovasJourney Game Preview Standalone (64-bit/PCD3D_SM5)' being destroyed
[2020.01.22-16.10.11:899][818]LogPlayLevel: Display: Shutting down PIE online subsystems
[2020.01.22-16.10.11:900][818]LogBlueprintUserMessages: Late EndPlayMap Detection: Level '/Game/Content/Levels/Maps/NovaTechConcept.NovaTechConcept:PersistentLevel' has LevelScriptBlueprint '/Game/Content/Levels/Maps/NovaTechConcept.NovaTechConcept:PersistentLevel.NovaTechConcept' with GeneratedClass '/Game/Content/Levels/Maps/NovaTechConcept.NovaTechConcept_C' with ClassGeneratedBy '/Game/Content/Levels/Maps/NovaTechConcept.NovaTechConcept:PersistentLevel.NovaTechConcept'
[2020.01.22-16.10.12:291][818]LogUObjectHash: Compacting FUObjectHashTables data took   5.95ms
[2020.01.22-16.10.12:319][819]LogPlayLevel: Display: Destroying online subsystem :Context_7
[2020.01.22-16.10.18:003][931]LogTemp: Repeating last play command: New Editor Window (PIE)
[2020.01.22-16.10.18:036][931]LogBlueprintUserMessages: Early PlayInEditor Detection: Level '/Game/Content/Levels/Maps/NovaTechConcept.NovaTechConcept:PersistentLevel' has LevelScriptBlueprint '/Game/Content/Levels/Maps/NovaTechConcept.NovaTechConcept:PersistentLevel.NovaTechConcept' with GeneratedClass '/Game/Content/Levels/Maps/NovaTechConcept.NovaTechConcept_C' with ClassGeneratedBy '/Game/Content/Levels/Maps/NovaTechConcept.NovaTechConcept:PersistentLevel.NovaTechConcept'
[2020.01.22-16.10.18:036][931]LogPlayLevel: PlayLevel: No blueprints needed recompiling
[2020.01.22-16.10.18:037][931]PIE: New page: PIE session: NovaTechConcept (Jan 22, 2020, 6:10:18 AM)
[2020.01.22-16.10.18:037][931]LogPlayLevel: Creating play world package: /Game/Content/Levels/Maps/UEDPIE_0_NovaTechConcept
[2020.01.22-16.10.18:076][931]LogPlayLevel: PIE: StaticDuplicateObject took: (0.038169s)
[2020.01.22-16.10.18:076][931]LogAIModule: Creating AISystem for world NovaTechConcept
[2020.01.22-16.10.18:076][931]LogPlayLevel: PIE: World Init took: (0.000618s)
[2020.01.22-16.10.18:076][931]LogPlayLevel: PIE: Created PIE world by copying editor world from /Game/Content/Levels/Maps/NovaTechConcept.NovaTechConcept to /Game/Content/Levels/Maps/UEDPIE_0_NovaTechConcept.NovaTechConcept (0.039477s)
[2020.01.22-16.10.18:209][931]LogUObjectHash: Compacting FUObjectHashTables data took   2.82ms
[2020.01.22-16.10.18:213][931]LogInit: XAudio2 using 'Speakers / Headphones (2- Realtek Audio)' : 2 channels at 48 kHz using 16 bits per sample (channel mask 0x3)
[2020.01.22-16.10.18:298][931]LogInit: FAudioDevice initialized.
[2020.01.22-16.10.18:307][931]LogSlate: Updating window title bar state: overlay mode, drag disabled, window buttons hidden, title bar hidden
[2020.01.22-16.10.18:340][931]LogLoad: Game class is 'NovasJourney_C'
[2020.01.22-16.10.18:348][931]LogWorld: Bringing World /Game/Content/Levels/Maps/UEDPIE_0_NovaTechConcept.NovaTechConcept up for play (max tick rate 0) at 2020.01.22-11.10.18
[2020.01.22-16.10.18:350][931]LogWorld: Bringing up level for play took: 0.008965
[2020.01.22-16.10.18:365][931]LogBlueprintUserMessages: [Nova2_C_0] You've Discovered an Item!
[2020.01.22-16.10.18:365][931]LogBlueprintUserMessages: [Nova2_C_0] You've Discovered an Item!
[2020.01.22-16.10.18:372][931]PIE: Play in editor start time for /Game/Content/Levels/Maps/UEDPIE_0_NovaTechConcept 0.659
[2020.01.22-16.10.18:392][931]LogBlueprintUserMessages: Late PlayInEditor Detection: Level '/Game/Content/Levels/Maps/NovaTechConcept.NovaTechConcept:PersistentLevel' has LevelScriptBlueprint '/Game/Content/Levels/Maps/NovaTechConcept.NovaTechConcept:PersistentLevel.NovaTechConcept' with GeneratedClass '/Game/Content/Levels/Maps/NovaTechConcept.NovaTechConcept_C' with ClassGeneratedBy '/Game/Content/Levels/Maps/NovaTechConcept.NovaTechConcept:PersistentLevel.NovaTechConcept'
[2020.01.22-16.10.18:408][932]LogCharacterMovement: Warning: GetSimulationTimeStep() - Max iterations 8 hit while remaining time 0.056286 > MaxSimulationTimeStep (0.050) for 'Nova2_C_0', movement 'Walking'
[2020.01.22-16.10.21:172][993]LogBlueprintUserMessages: Early EndPlayMap Detection: Level '/Game/Content/Levels/Maps/NovaTechConcept.NovaTechConcept:PersistentLevel' has LevelScriptBlueprint '/Game/Content/Levels/Maps/NovaTechConcept.NovaTechConcept:PersistentLevel.NovaTechConcept' with GeneratedClass '/Game/Content/Levels/Maps/NovaTechConcept.NovaTechConcept_C' with ClassGeneratedBy '/Game/Content/Levels/Maps/NovaTechConcept.NovaTechConcept:PersistentLevel.NovaTechConcept'
[2020.01.22-16.10.21:173][993]LogSlate: Updating window title bar state: overlay mode, drag disabled, window buttons hidden, title bar hidden
[2020.01.22-16.10.21:229][993]LogSlate: Window 'NovasJourney Game Preview Standalone (64-bit/PCD3D_SM5)' being destroyed
[2020.01.22-16.10.21:284][993]LogPlayLevel: Display: Shutting down PIE online subsystems
[2020.01.22-16.10.21:285][993]LogBlueprintUserMessages: Late EndPlayMap Detection: Level '/Game/Content/Levels/Maps/NovaTechConcept.NovaTechConcept:PersistentLevel' has LevelScriptBlueprint '/Game/Content/Levels/Maps/NovaTechConcept.NovaTechConcept:PersistentLevel.NovaTechConcept' with GeneratedClass '/Game/Content/Levels/Maps/NovaTechConcept.NovaTechConcept_C' with ClassGeneratedBy '/Game/Content/Levels/Maps/NovaTechConcept.NovaTechConcept:PersistentLevel.NovaTechConcept'
[2020.01.22-16.10.21:380][993]LogUObjectHash: Compacting FUObjectHashTables data took   4.17ms
[2020.01.22-16.10.21:413][994]LogPlayLevel: Display: Destroying online subsystem :Context_8
[2020.01.22-16.10.28:745][404]LogUObjectHash: Compacting FUObjectHashTables data took   0.77ms
